{"/home/jireh/projects/stratpoint/CashDaddy/user-service/src/app.ts": {"path":"/home/jireh/projects/stratpoint/CashDaddy/user-service/src/app.ts","statementMap":{"0":{"start":{"line":1,"column":0},"end":{"line":1,"column":30}},"1":{"start":{"line":2,"column":0},"end":{"line":2,"column":35}},"2":{"start":{"line":3,"column":0},"end":{"line":3,"column":24}},"3":{"start":{"line":4,"column":0},"end":{"line":4,"column":41}},"4":{"start":{"line":5,"column":0},"end":{"line":5,"column":57}},"5":{"start":{"line":6,"column":0},"end":{"line":6,"column":59}},"6":{"start":{"line":7,"column":0},"end":{"line":7,"column":72}},"7":{"start":{"line":8,"column":0},"end":{"line":8,"column":62}},"8":{"start":{"line":9,"column":0},"end":{"line":9,"column":65}},"9":{"start":{"line":10,"column":0},"end":{"line":10,"column":30}},"10":{"start":{"line":11,"column":0},"end":{"line":11,"column":58}},"11":{"start":{"line":12,"column":0},"end":{"line":12,"column":70}},"12":{"start":{"line":13,"column":0},"end":{"line":13,"column":62}},"13":{"start":{"line":14,"column":0},"end":{"line":14,"column":77}},"14":{"start":{"line":15,"column":0},"end":{"line":15,"column":55}},"15":{"start":{"line":16,"column":0},"end":{"line":16,"column":60}},"16":{"start":{"line":20,"column":12},"end":{"line":20,"column":21}},"17":{"start":{"line":21,"column":0},"end":{"line":21,"column":16}},"18":{"start":{"line":22,"column":0},"end":{"line":22,"column":48}},"19":{"start":{"line":23,"column":0},"end":{"line":23,"column":24}},"20":{"start":{"line":25,"column":20},"end":{"line":29,"column":2}},"21":{"start":{"line":31,"column":0},"end":{"line":31,"column":27}},"22":{"start":{"line":33,"column":21},"end":{"line":33,"column":39}},"23":{"start":{"line":34,"column":21},"end":{"line":34,"column":51}},"24":{"start":{"line":35,"column":0},"end":{"line":35,"column":30}},"25":{"start":{"line":38,"column":20},"end":{"line":38,"column":37}},"26":{"start":{"line":39,"column":20},"end":{"line":39,"column":37}},"27":{"start":{"line":40,"column":27},"end":{"line":40,"column":51}},"28":{"start":{"line":41,"column":19},"end":{"line":41,"column":35}},"29":{"start":{"line":44,"column":23},"end":{"line":44,"column":67}},"30":{"start":{"line":45,"column":30},"end":{"line":45,"column":75}},"31":{"start":{"line":46,"column":22},"end":{"line":46,"column":51}},"32":{"start":{"line":49,"column":0},"end":{"line":49,"column":78}},"33":{"start":{"line":51,"column":0},"end":{"line":51,"column":22}},"34":{"start":{"line":53,"column":0},"end":{"line":53,"column":19}}},"fnMap":{},"branchMap":{},"s":{"0":0,"1":0,"2":0,"3":0,"4":0,"5":0,"6":0,"7":0,"8":0,"9":0,"10":0,"11":0,"12":0,"13":0,"14":0,"15":0,"16":0,"17":0,"18":0,"19":0,"20":0,"21":0,"22":0,"23":0,"24":0,"25":0,"26":0,"27":0,"28":0,"29":0,"30":0,"31":0,"32":0,"33":0,"34":0},"f":{},"b":{}}
,"/home/jireh/projects/stratpoint/CashDaddy/user-service/src/server.ts": {"path":"/home/jireh/projects/stratpoint/CashDaddy/user-service/src/server.ts","statementMap":{"0":{"start":{"line":1,"column":0},"end":{"line":1,"column":24}},"1":{"start":{"line":2,"column":0},"end":{"line":2,"column":34}},"2":{"start":{"line":3,"column":0},"end":{"line":3,"column":69}},"3":{"start":{"line":4,"column":0},"end":{"line":4,"column":36}},"4":{"start":{"line":5,"column":0},"end":{"line":5,"column":54}},"5":{"start":{"line":6,"column":0},"end":{"line":6,"column":51}},"6":{"start":{"line":8,"column":0},"end":{"line":8,"column":49}},"7":{"start":{"line":10,"column":0},"end":{"line":10,"column":24}},"8":{"start":{"line":12,"column":14},"end":{"line":23,"column":1}},"9":{"start":{"line":13,"column":2},"end":{"line":22,"column":3}},"10":{"start":{"line":14,"column":4},"end":{"line":14,"column":27}},"11":{"start":{"line":15,"column":4},"end":{"line":15,"column":32}},"12":{"start":{"line":16,"column":4},"end":{"line":16,"column":25}},"13":{"start":{"line":17,"column":4},"end":{"line":19,"column":7}},"14":{"start":{"line":18,"column":6},"end":{"line":18,"column":72}},"15":{"start":{"line":21,"column":4},"end":{"line":21,"column":44}},"16":{"start":{"line":25,"column":0},"end":{"line":25,"column":8}},"17":{"start":{"line":28,"column":0},"end":{"line":33,"column":3}},"18":{"start":{"line":29,"column":2},"end":{"line":29,"column":63}},"19":{"start":{"line":30,"column":2},"end":{"line":30,"column":26}},"20":{"start":{"line":32,"column":2},"end":{"line":32,"column":18}}},"fnMap":{"0":{"name":"(anonymous_1)","decl":{"start":{"line":12,"column":14},"end":{"line":12,"column":19}},"loc":{"start":{"line":12,"column":25},"end":{"line":23,"column":1}}},"1":{"name":"(anonymous_2)","decl":{"start":{"line":17,"column":39},"end":{"line":17,"column":42}},"loc":{"start":{"line":17,"column":44},"end":{"line":19,"column":5}}},"2":{"name":"(anonymous_3)","decl":{"start":{"line":28,"column":22},"end":{"line":28,"column":27}},"loc":{"start":{"line":28,"column":33},"end":{"line":33,"column":1}}}},"branchMap":{},"s":{"0":0,"1":0,"2":0,"3":0,"4":0,"5":0,"6":0,"7":0,"8":0,"9":0,"10":0,"11":0,"12":0,"13":0,"14":0,"15":0,"16":0,"17":0,"18":0,"19":0,"20":0},"f":{"0":0,"1":0,"2":0},"b":{}}
,"/home/jireh/projects/stratpoint/CashDaddy/user-service/src/config/index.ts": {"path":"/home/jireh/projects/stratpoint/CashDaddy/user-service/src/config/index.ts","statementMap":{"0":{"start":{"line":1,"column":0},"end":{"line":1,"column":28}},"1":{"start":{"line":3,"column":0},"end":{"line":3,"column":18}},"2":{"start":{"line":14,"column":19},"end":{"line":14,"column":86}},"3":{"start":{"line":17,"column":4},"end":{"line":17,"column":69}},"4":{"start":{"line":18,"column":4},"end":{"line":18,"column":54}},"5":{"start":{"line":19,"column":4},"end":{"line":19,"column":71}},"6":{"start":{"line":20,"column":4},"end":{"line":20,"column":43}},"7":{"start":{"line":21,"column":4},"end":{"line":21,"column":72}},"8":{"start":{"line":22,"column":4},"end":{"line":22,"column":58}},"9":{"start":{"line":23,"column":4},"end":{"line":23,"column":61}},"10":{"start":{"line":28,"column":4},"end":{"line":32,"column":5}},"11":{"start":{"line":29,"column":6},"end":{"line":31,"column":7}},"12":{"start":{"line":30,"column":8},"end":{"line":30,"column":62}},"13":{"start":{"line":36,"column":13},"end":{"line":36,"column":43}}},"fnMap":{"0":{"name":"(anonymous_1)","decl":{"start":{"line":16,"column":2},"end":{"line":16,"column":null}},"loc":{"start":{"line":16,"column":2},"end":{"line":24,"column":3}}},"1":{"name":"(anonymous_2)","decl":{"start":{"line":26,"column":9},"end":{"line":26,"column":23}},"loc":{"start":{"line":26,"column":23},"end":{"line":33,"column":3}}}},"branchMap":{"0":{"loc":{"start":{"line":17,"column":21},"end":{"line":17,"column":68}},"type":"binary-expr","locations":[{"start":{"line":17,"column":21},"end":{"line":17,"column":42}},{"start":{"line":17,"column":46},"end":{"line":17,"column":68}}]},"1":{"loc":{"start":{"line":18,"column":22},"end":{"line":18,"column":53}},"type":"binary-expr","locations":[{"start":{"line":18,"column":22},"end":{"line":18,"column":43}},{"start":{"line":18,"column":47},"end":{"line":18,"column":53}}]},"2":{"loc":{"start":{"line":19,"column":21},"end":{"line":19,"column":70}},"type":"binary-expr","locations":[{"start":{"line":19,"column":21},"end":{"line":19,"column":42}},{"start":{"line":19,"column":46},"end":{"line":19,"column":70}}]},"3":{"loc":{"start":{"line":20,"column":16},"end":{"line":20,"column":42}},"type":"binary-expr","locations":[{"start":{"line":20,"column":16},"end":{"line":20,"column":32}},{"start":{"line":20,"column":36},"end":{"line":20,"column":42}}]},"4":{"loc":{"start":{"line":21,"column":25},"end":{"line":21,"column":71}},"type":"binary-expr","locations":[{"start":{"line":21,"column":25},"end":{"line":21,"column":50}},{"start":{"line":21,"column":54},"end":{"line":21,"column":71}}]},"5":{"loc":{"start":{"line":22,"column":20},"end":{"line":22,"column":57}},"type":"binary-expr","locations":[{"start":{"line":22,"column":20},"end":{"line":22,"column":40}},{"start":{"line":22,"column":44},"end":{"line":22,"column":57}}]},"6":{"loc":{"start":{"line":23,"column":26},"end":{"line":23,"column":60}},"type":"binary-expr","locations":[{"start":{"line":23,"column":26},"end":{"line":23,"column":52}},{"start":{"line":23,"column":56},"end":{"line":23,"column":60}}]},"7":{"loc":{"start":{"line":29,"column":6},"end":{"line":31,"column":7}},"type":"if","locations":[{"start":{"line":29,"column":6},"end":{"line":31,"column":7}}]}},"s":{"0":1,"1":1,"2":1,"3":1,"4":1,"5":1,"6":1,"7":1,"8":1,"9":1,"10":0,"11":0,"12":0,"13":1},"f":{"0":1,"1":0},"b":{"0":[1,1],"1":[1,1],"2":[1,1],"3":[1,1],"4":[1,1],"5":[1,0],"6":[1,1],"7":[0]}}
,"/home/jireh/projects/stratpoint/CashDaddy/user-service/src/controller/kyc.controller.ts": {"path":"/home/jireh/projects/stratpoint/CashDaddy/user-service/src/controller/kyc.controller.ts","statementMap":{"0":{"start":{"line":3,"column":0},"end":{"line":3,"column":49}},"1":{"start":{"line":4,"column":0},"end":{"line":4,"column":70}},"2":{"start":{"line":5,"column":0},"end":{"line":5,"column":55}},"3":{"start":{"line":8,"column":22},"end":{"line":8,"column":45}},"4":{"start":{"line":11,"column":4},"end":{"line":22,"column":5}},"5":{"start":{"line":12,"column":21},"end":{"line":12,"column":37}},"6":{"start":{"line":13,"column":22},"end":{"line":13,"column":30}},"7":{"start":{"line":14,"column":18},"end":{"line":14,"column":74}},"8":{"start":{"line":15,"column":6},"end":{"line":15,"column":81}},"9":{"start":{"line":17,"column":6},"end":{"line":21,"column":7}},"10":{"start":{"line":18,"column":8},"end":{"line":18,"column":53}},"11":{"start":{"line":20,"column":8},"end":{"line":20,"column":20}},"12":{"start":{"line":26,"column":4},"end":{"line":32,"column":5}},"13":{"start":{"line":27,"column":21},"end":{"line":27,"column":38}},"14":{"start":{"line":28,"column":18},"end":{"line":28,"column":60}},"15":{"start":{"line":29,"column":6},"end":{"line":29,"column":77}},"16":{"start":{"line":31,"column":6},"end":{"line":31,"column":18}},"17":{"start":{"line":36,"column":4},"end":{"line":52,"column":5}},"18":{"start":{"line":37,"column":21},"end":{"line":37,"column":38}},"19":{"start":{"line":38,"column":28},"end":{"line":38,"column":68}},"20":{"start":{"line":41,"column":6},"end":{"line":41,"column":58}},"21":{"start":{"line":43,"column":6},"end":{"line":43,"column":69}},"22":{"start":{"line":45,"column":6},"end":{"line":51,"column":7}},"23":{"start":{"line":46,"column":8},"end":{"line":46,"column":53}},"24":{"start":{"line":47,"column":13},"end":{"line":51,"column":7}},"25":{"start":{"line":48,"column":8},"end":{"line":48,"column":53}},"26":{"start":{"line":50,"column":8},"end":{"line":50,"column":20}},"27":{"start":{"line":56,"column":4},"end":{"line":63,"column":5}},"28":{"start":{"line":57,"column":21},"end":{"line":57,"column":38}},"29":{"start":{"line":58,"column":34},"end":{"line":58,"column":42}},"30":{"start":{"line":59,"column":25},"end":{"line":59,"column":81}},"31":{"start":{"line":60,"column":6},"end":{"line":60,"column":76}},"32":{"start":{"line":62,"column":6},"end":{"line":62,"column":18}},"33":{"start":{"line":67,"column":4},"end":{"line":73,"column":5}},"34":{"start":{"line":68,"column":21},"end":{"line":68,"column":37}},"35":{"start":{"line":69,"column":18},"end":{"line":69,"column":60}},"36":{"start":{"line":70,"column":6},"end":{"line":70,"column":77}},"37":{"start":{"line":72,"column":6},"end":{"line":72,"column":18}},"38":{"start":{"line":7,"column":0},"end":{"line":7,"column":13}}},"fnMap":{"0":{"name":"(anonymous_0)","decl":{"start":{"line":8,"column":2},"end":{"line":8,"column":22}},"loc":{"start":{"line":8,"column":45},"end":{"line":8,"column":49}}},"1":{"name":"(anonymous_1)","decl":{"start":{"line":10,"column":2},"end":{"line":10,"column":7}},"loc":{"start":{"line":10,"column":73},"end":{"line":23,"column":3}}},"2":{"name":"(anonymous_2)","decl":{"start":{"line":25,"column":2},"end":{"line":25,"column":7}},"loc":{"start":{"line":25,"column":68},"end":{"line":33,"column":3}}},"3":{"name":"(anonymous_3)","decl":{"start":{"line":35,"column":2},"end":{"line":35,"column":7}},"loc":{"start":{"line":35,"column":66},"end":{"line":53,"column":3}}},"4":{"name":"(anonymous_4)","decl":{"start":{"line":55,"column":2},"end":{"line":55,"column":7}},"loc":{"start":{"line":55,"column":65},"end":{"line":64,"column":3}}},"5":{"name":"(anonymous_5)","decl":{"start":{"line":66,"column":2},"end":{"line":66,"column":7}},"loc":{"start":{"line":66,"column":71},"end":{"line":74,"column":3}}}},"branchMap":{"0":{"loc":{"start":{"line":17,"column":6},"end":{"line":21,"column":7}},"type":"if","locations":[{"start":{"line":17,"column":6},"end":{"line":21,"column":7}},{"start":{"line":19,"column":13},"end":{"line":21,"column":7}}]},"1":{"loc":{"start":{"line":45,"column":6},"end":{"line":51,"column":7}},"type":"if","locations":[{"start":{"line":45,"column":6},"end":{"line":51,"column":7}},{"start":{"line":47,"column":13},"end":{"line":51,"column":7}}]},"2":{"loc":{"start":{"line":47,"column":13},"end":{"line":51,"column":7}},"type":"if","locations":[{"start":{"line":47,"column":13},"end":{"line":51,"column":7}},{"start":{"line":49,"column":13},"end":{"line":51,"column":7}}]}},"s":{"0":0,"1":0,"2":0,"3":0,"4":0,"5":0,"6":0,"7":0,"8":0,"9":0,"10":0,"11":0,"12":0,"13":0,"14":0,"15":0,"16":0,"17":0,"18":0,"19":0,"20":0,"21":0,"22":0,"23":0,"24":0,"25":0,"26":0,"27":0,"28":0,"29":0,"30":0,"31":0,"32":0,"33":0,"34":0,"35":0,"36":0,"37":0,"38":0},"f":{"0":0,"1":0,"2":0,"3":0,"4":0,"5":0},"b":{"0":[0,0],"1":[0,0],"2":[0,0]}}
,"/home/jireh/projects/stratpoint/CashDaddy/user-service/src/controller/user-profile.controller.ts": {"path":"/home/jireh/projects/stratpoint/CashDaddy/user-service/src/controller/user-profile.controller.ts","statementMap":{"0":{"start":{"line":3,"column":0},"end":{"line":3,"column":49}},"1":{"start":{"line":4,"column":0},"end":{"line":4,"column":70}},"2":{"start":{"line":8,"column":22},"end":{"line":8,"column":61}},"3":{"start":{"line":11,"column":4},"end":{"line":32,"column":5}},"4":{"start":{"line":12,"column":22},"end":{"line":12,"column":53}},"5":{"start":{"line":13,"column":105},"end":{"line":13,"column":113}},"6":{"start":{"line":14,"column":22},"end":{"line":23,"column":null}},"7":{"start":{"line":25,"column":6},"end":{"line":25,"column":85}},"8":{"start":{"line":27,"column":6},"end":{"line":31,"column":7}},"9":{"start":{"line":28,"column":8},"end":{"line":28,"column":53}},"10":{"start":{"line":30,"column":8},"end":{"line":30,"column":20}},"11":{"start":{"line":36,"column":4},"end":{"line":42,"column":5}},"12":{"start":{"line":37,"column":22},"end":{"line":37,"column":53}},"13":{"start":{"line":38,"column":22},"end":{"line":38,"column":70}},"14":{"start":{"line":39,"column":6},"end":{"line":39,"column":87}},"15":{"start":{"line":41,"column":6},"end":{"line":41,"column":18}},"16":{"start":{"line":46,"column":4},"end":{"line":53,"column":5}},"17":{"start":{"line":47,"column":22},"end":{"line":47,"column":53}},"18":{"start":{"line":48,"column":25},"end":{"line":48,"column":33}},"19":{"start":{"line":49,"column":29},"end":{"line":49,"column":92}},"20":{"start":{"line":50,"column":6},"end":{"line":50,"column":101}},"21":{"start":{"line":52,"column":6},"end":{"line":52,"column":18}},"22":{"start":{"line":57,"column":4},"end":{"line":67,"column":5}},"23":{"start":{"line":58,"column":21},"end":{"line":58,"column":38}},"24":{"start":{"line":59,"column":22},"end":{"line":59,"column":70}},"25":{"start":{"line":60,"column":6},"end":{"line":60,"column":87}},"26":{"start":{"line":62,"column":6},"end":{"line":66,"column":7}},"27":{"start":{"line":63,"column":8},"end":{"line":63,"column":53}},"28":{"start":{"line":65,"column":8},"end":{"line":65,"column":20}},"29":{"start":{"line":71,"column":4},"end":{"line":78,"column":5}},"30":{"start":{"line":72,"column":21},"end":{"line":72,"column":38}},"31":{"start":{"line":73,"column":25},"end":{"line":73,"column":33}},"32":{"start":{"line":74,"column":29},"end":{"line":74,"column":92}},"33":{"start":{"line":75,"column":6},"end":{"line":75,"column":101}},"34":{"start":{"line":77,"column":6},"end":{"line":77,"column":18}},"35":{"start":{"line":7,"column":0},"end":{"line":7,"column":13}}},"fnMap":{"0":{"name":"(anonymous_0)","decl":{"start":{"line":8,"column":2},"end":{"line":8,"column":22}},"loc":{"start":{"line":8,"column":61},"end":{"line":8,"column":65}}},"1":{"name":"(anonymous_1)","decl":{"start":{"line":10,"column":2},"end":{"line":10,"column":7}},"loc":{"start":{"line":10,"column":69},"end":{"line":33,"column":3}}},"2":{"name":"(anonymous_2)","decl":{"start":{"line":35,"column":2},"end":{"line":35,"column":7}},"loc":{"start":{"line":35,"column":69},"end":{"line":43,"column":3}}},"3":{"name":"(anonymous_3)","decl":{"start":{"line":45,"column":2},"end":{"line":45,"column":7}},"loc":{"start":{"line":45,"column":72},"end":{"line":54,"column":3}}},"4":{"name":"(anonymous_4)","decl":{"start":{"line":56,"column":2},"end":{"line":56,"column":7}},"loc":{"start":{"line":56,"column":66},"end":{"line":68,"column":3}}},"5":{"name":"(anonymous_5)","decl":{"start":{"line":70,"column":2},"end":{"line":70,"column":7}},"loc":{"start":{"line":70,"column":69},"end":{"line":79,"column":3}}}},"branchMap":{"0":{"loc":{"start":{"line":27,"column":6},"end":{"line":31,"column":7}},"type":"if","locations":[{"start":{"line":27,"column":6},"end":{"line":31,"column":7}},{"start":{"line":29,"column":13},"end":{"line":31,"column":7}}]},"1":{"loc":{"start":{"line":62,"column":6},"end":{"line":66,"column":7}},"type":"if","locations":[{"start":{"line":62,"column":6},"end":{"line":66,"column":7}},{"start":{"line":64,"column":13},"end":{"line":66,"column":7}}]}},"s":{"0":0,"1":0,"2":0,"3":0,"4":0,"5":0,"6":0,"7":0,"8":0,"9":0,"10":0,"11":0,"12":0,"13":0,"14":0,"15":0,"16":0,"17":0,"18":0,"19":0,"20":0,"21":0,"22":0,"23":0,"24":0,"25":0,"26":0,"27":0,"28":0,"29":0,"30":0,"31":0,"32":0,"33":0,"34":0,"35":0},"f":{"0":0,"1":0,"2":0,"3":0,"4":0,"5":0},"b":{"0":[0,0],"1":[0,0]}}
,"/home/jireh/projects/stratpoint/CashDaddy/user-service/src/controller/user.controller.ts": {"path":"/home/jireh/projects/stratpoint/CashDaddy/user-service/src/controller/user.controller.ts","statementMap":{"0":{"start":{"line":4,"column":0},"end":{"line":4,"column":49}},"1":{"start":{"line":5,"column":0},"end":{"line":5,"column":70}},"2":{"start":{"line":10,"column":12},"end":{"line":10,"column":37}},"3":{"start":{"line":11,"column":12},"end":{"line":11,"column":37}},"4":{"start":{"line":15,"column":4},"end":{"line":21,"column":5}},"5":{"start":{"line":16,"column":55},"end":{"line":16,"column":63}},"6":{"start":{"line":17,"column":19},"end":{"line":17,"column":88}},"7":{"start":{"line":18,"column":6},"end":{"line":18,"column":77}},"8":{"start":{"line":20,"column":6},"end":{"line":20,"column":18}},"9":{"start":{"line":25,"column":4},"end":{"line":33,"column":5}},"10":{"start":{"line":26,"column":34},"end":{"line":26,"column":42}},"11":{"start":{"line":27,"column":26},"end":{"line":27,"column":71}},"12":{"start":{"line":29,"column":20},"end":{"line":29,"column":63}},"13":{"start":{"line":30,"column":6},"end":{"line":30,"column":85}},"14":{"start":{"line":32,"column":6},"end":{"line":32,"column":18}},"15":{"start":{"line":37,"column":4},"end":{"line":37,"column":54}},"16":{"start":{"line":41,"column":4},"end":{"line":47,"column":5}},"17":{"start":{"line":42,"column":22},"end":{"line":42,"column":53}},"18":{"start":{"line":43,"column":19},"end":{"line":43,"column":61}},"19":{"start":{"line":44,"column":6},"end":{"line":44,"column":72}},"20":{"start":{"line":46,"column":6},"end":{"line":46,"column":18}},"21":{"start":{"line":51,"column":4},"end":{"line":58,"column":5}},"22":{"start":{"line":52,"column":22},"end":{"line":52,"column":53}},"23":{"start":{"line":53,"column":25},"end":{"line":53,"column":33}},"24":{"start":{"line":54,"column":26},"end":{"line":54,"column":79}},"25":{"start":{"line":55,"column":6},"end":{"line":55,"column":77}},"26":{"start":{"line":57,"column":6},"end":{"line":57,"column":18}},"27":{"start":{"line":62,"column":4},"end":{"line":67,"column":5}},"28":{"start":{"line":63,"column":20},"end":{"line":63,"column":56}},"29":{"start":{"line":64,"column":6},"end":{"line":64,"column":74}},"30":{"start":{"line":66,"column":6},"end":{"line":66,"column":18}},"31":{"start":{"line":71,"column":4},"end":{"line":81,"column":5}},"32":{"start":{"line":72,"column":21},"end":{"line":72,"column":38}},"33":{"start":{"line":73,"column":19},"end":{"line":73,"column":61}},"34":{"start":{"line":74,"column":6},"end":{"line":74,"column":72}},"35":{"start":{"line":76,"column":6},"end":{"line":80,"column":7}},"36":{"start":{"line":77,"column":8},"end":{"line":77,"column":53}},"37":{"start":{"line":79,"column":8},"end":{"line":79,"column":20}},"38":{"start":{"line":85,"column":4},"end":{"line":92,"column":5}},"39":{"start":{"line":86,"column":21},"end":{"line":86,"column":38}},"40":{"start":{"line":87,"column":25},"end":{"line":87,"column":33}},"41":{"start":{"line":88,"column":26},"end":{"line":88,"column":79}},"42":{"start":{"line":89,"column":6},"end":{"line":89,"column":77}},"43":{"start":{"line":91,"column":6},"end":{"line":91,"column":18}},"44":{"start":{"line":96,"column":4},"end":{"line":106,"column":5}},"45":{"start":{"line":97,"column":21},"end":{"line":97,"column":38}},"46":{"start":{"line":98,"column":30},"end":{"line":98,"column":75}},"47":{"start":{"line":99,"column":6},"end":{"line":99,"column":95}},"48":{"start":{"line":101,"column":6},"end":{"line":105,"column":7}},"49":{"start":{"line":102,"column":8},"end":{"line":102,"column":53}},"50":{"start":{"line":104,"column":8},"end":{"line":104,"column":20}},"51":{"start":{"line":110,"column":4},"end":{"line":120,"column":5}},"52":{"start":{"line":111,"column":21},"end":{"line":111,"column":38}},"53":{"start":{"line":112,"column":30},"end":{"line":112,"column":75}},"54":{"start":{"line":113,"column":6},"end":{"line":113,"column":95}},"55":{"start":{"line":115,"column":6},"end":{"line":119,"column":7}},"56":{"start":{"line":116,"column":8},"end":{"line":116,"column":53}},"57":{"start":{"line":118,"column":8},"end":{"line":118,"column":20}},"58":{"start":{"line":124,"column":4},"end":{"line":134,"column":5}},"59":{"start":{"line":125,"column":21},"end":{"line":125,"column":38}},"60":{"start":{"line":126,"column":27},"end":{"line":126,"column":76}},"61":{"start":{"line":127,"column":6},"end":{"line":127,"column":89}},"62":{"start":{"line":129,"column":6},"end":{"line":133,"column":7}},"63":{"start":{"line":130,"column":8},"end":{"line":130,"column":53}},"64":{"start":{"line":132,"column":8},"end":{"line":132,"column":20}},"65":{"start":{"line":8,"column":0},"end":{"line":8,"column":13}}},"fnMap":{"0":{"name":"(anonymous_0)","decl":{"start":{"line":9,"column":2},"end":{"line":9,"column":null}},"loc":{"start":{"line":11,"column":37},"end":{"line":12,"column":6}}},"1":{"name":"(anonymous_1)","decl":{"start":{"line":14,"column":2},"end":{"line":14,"column":7}},"loc":{"start":{"line":14,"column":64},"end":{"line":22,"column":3}}},"2":{"name":"(anonymous_2)","decl":{"start":{"line":24,"column":2},"end":{"line":24,"column":7}},"loc":{"start":{"line":24,"column":61},"end":{"line":34,"column":3}}},"3":{"name":"(anonymous_3)","decl":{"start":{"line":36,"column":2},"end":{"line":36,"column":7}},"loc":{"start":{"line":36,"column":43},"end":{"line":38,"column":3}}},"4":{"name":"(anonymous_4)","decl":{"start":{"line":40,"column":2},"end":{"line":40,"column":7}},"loc":{"start":{"line":40,"column":66},"end":{"line":48,"column":3}}},"5":{"name":"(anonymous_5)","decl":{"start":{"line":50,"column":2},"end":{"line":50,"column":7}},"loc":{"start":{"line":50,"column":69},"end":{"line":59,"column":3}}},"6":{"name":"(anonymous_6)","decl":{"start":{"line":61,"column":2},"end":{"line":61,"column":7}},"loc":{"start":{"line":61,"column":68},"end":{"line":68,"column":3}}},"7":{"name":"(anonymous_7)","decl":{"start":{"line":70,"column":2},"end":{"line":70,"column":7}},"loc":{"start":{"line":70,"column":63},"end":{"line":82,"column":3}}},"8":{"name":"(anonymous_8)","decl":{"start":{"line":84,"column":2},"end":{"line":84,"column":7}},"loc":{"start":{"line":84,"column":66},"end":{"line":93,"column":3}}},"9":{"name":"(anonymous_9)","decl":{"start":{"line":95,"column":2},"end":{"line":95,"column":7}},"loc":{"start":{"line":95,"column":70},"end":{"line":107,"column":3}}},"10":{"name":"(anonymous_10)","decl":{"start":{"line":109,"column":2},"end":{"line":109,"column":7}},"loc":{"start":{"line":109,"column":70},"end":{"line":121,"column":3}}},"11":{"name":"(anonymous_11)","decl":{"start":{"line":123,"column":2},"end":{"line":123,"column":7}},"loc":{"start":{"line":123,"column":74},"end":{"line":135,"column":3}}}},"branchMap":{"0":{"loc":{"start":{"line":76,"column":6},"end":{"line":80,"column":7}},"type":"if","locations":[{"start":{"line":76,"column":6},"end":{"line":80,"column":7}},{"start":{"line":78,"column":13},"end":{"line":80,"column":7}}]},"1":{"loc":{"start":{"line":101,"column":6},"end":{"line":105,"column":7}},"type":"if","locations":[{"start":{"line":101,"column":6},"end":{"line":105,"column":7}},{"start":{"line":103,"column":13},"end":{"line":105,"column":7}}]},"2":{"loc":{"start":{"line":101,"column":10},"end":{"line":101,"column":76}},"type":"binary-expr","locations":[{"start":{"line":101,"column":10},"end":{"line":101,"column":40}},{"start":{"line":101,"column":44},"end":{"line":101,"column":76}}]},"3":{"loc":{"start":{"line":115,"column":6},"end":{"line":119,"column":7}},"type":"if","locations":[{"start":{"line":115,"column":6},"end":{"line":119,"column":7}},{"start":{"line":117,"column":13},"end":{"line":119,"column":7}}]},"4":{"loc":{"start":{"line":115,"column":10},"end":{"line":115,"column":76}},"type":"binary-expr","locations":[{"start":{"line":115,"column":10},"end":{"line":115,"column":40}},{"start":{"line":115,"column":44},"end":{"line":115,"column":76}}]},"5":{"loc":{"start":{"line":129,"column":6},"end":{"line":133,"column":7}},"type":"if","locations":[{"start":{"line":129,"column":6},"end":{"line":133,"column":7}},{"start":{"line":131,"column":13},"end":{"line":133,"column":7}}]},"6":{"loc":{"start":{"line":129,"column":10},"end":{"line":129,"column":76}},"type":"binary-expr","locations":[{"start":{"line":129,"column":10},"end":{"line":129,"column":40}},{"start":{"line":129,"column":44},"end":{"line":129,"column":76}}]}},"s":{"0":1,"1":1,"2":41,"3":41,"4":4,"5":4,"6":4,"7":1,"8":3,"9":5,"10":5,"11":5,"12":1,"13":1,"14":4,"15":1,"16":3,"17":3,"18":3,"19":1,"20":2,"21":4,"22":4,"23":4,"24":4,"25":1,"26":3,"27":4,"28":4,"29":2,"30":2,"31":4,"32":4,"33":4,"34":1,"35":3,"36":2,"37":1,"38":4,"39":4,"40":4,"41":4,"42":2,"43":2,"44":4,"45":4,"46":4,"47":1,"48":3,"49":3,"50":0,"51":4,"52":4,"53":4,"54":1,"55":3,"56":3,"57":0,"58":4,"59":4,"60":4,"61":1,"62":3,"63":3,"64":0,"65":1},"f":{"0":41,"1":4,"2":5,"3":1,"4":3,"5":4,"6":4,"7":4,"8":4,"9":4,"10":4,"11":4},"b":{"0":[2,1],"1":[3,0],"2":[3,2],"3":[3,0],"4":[3,2],"5":[3,0],"6":[3,2]}}
,"/home/jireh/projects/stratpoint/CashDaddy/user-service/src/decorators/caching.decorator.ts": {"path":"/home/jireh/projects/stratpoint/CashDaddy/user-service/src/decorators/caching.decorator.ts","statementMap":{"0":{"start":{"line":5,"column":0},"end":{"line":5,"column":16}},"1":{"start":{"line":17,"column":0},"end":{"line":17,"column":16}},"2":{"start":{"line":37,"column":0},"end":{"line":37,"column":16}},"3":{"start":{"line":6,"column":2},"end":{"line":6,"column":25}},"4":{"start":{"line":18,"column":2},"end":{"line":34,"column":4}},"5":{"start":{"line":23,"column":27},"end":{"line":23,"column":43}},"6":{"start":{"line":24,"column":4},"end":{"line":26,"column":5}},"7":{"start":{"line":25,"column":6},"end":{"line":25,"column":24}},"8":{"start":{"line":28,"column":4},"end":{"line":31,"column":11}},"9":{"start":{"line":29,"column":23},"end":{"line":29,"column":63}},"10":{"start":{"line":30,"column":6},"end":{"line":30,"column":127}},"11":{"start":{"line":30,"column":54},"end":{"line":30,"column":86}},"12":{"start":{"line":33,"column":4},"end":{"line":33,"column":22}},"13":{"start":{"line":38,"column":2},"end":{"line":56,"column":4}},"14":{"start":{"line":43,"column":27},"end":{"line":43,"column":43}},"15":{"start":{"line":44,"column":4},"end":{"line":46,"column":5}},"16":{"start":{"line":45,"column":6},"end":{"line":45,"column":24}},"17":{"start":{"line":48,"column":4},"end":{"line":53,"column":11}},"18":{"start":{"line":49,"column":21},"end":{"line":49,"column":59}},"19":{"start":{"line":50,"column":23},"end":{"line":50,"column":63}},"20":{"start":{"line":51,"column":6},"end":{"line":51,"column":51}},"21":{"start":{"line":52,"column":6},"end":{"line":52,"column":20}},"22":{"start":{"line":55,"column":4},"end":{"line":55,"column":22}}},"fnMap":{"0":{"name":"setCacheManager","decl":{"start":{"line":5,"column":16},"end":{"line":5,"column":31}},"loc":{"start":{"line":5,"column":53},"end":{"line":7,"column":1}}},"1":{"name":"Cacheable","decl":{"start":{"line":17,"column":16},"end":{"line":17,"column":25}},"loc":{"start":{"line":17,"column":47},"end":{"line":35,"column":1}}},"2":{"name":"(anonymous_2)","decl":{"start":{"line":18,"column":9},"end":{"line":18,"column":null}},"loc":{"start":{"line":21,"column":42},"end":{"line":34,"column":3}}},"3":{"name":"(anonymous_3)","decl":{"start":{"line":28,"column":23},"end":{"line":28,"column":48}},"loc":{"start":{"line":28,"column":70},"end":{"line":31,"column":10}}},"4":{"name":"(anonymous_4)","decl":{"start":{"line":30,"column":48},"end":{"line":30,"column":51}},"loc":{"start":{"line":30,"column":54},"end":{"line":30,"column":86}}},"5":{"name":"CacheInvalidate","decl":{"start":{"line":37,"column":16},"end":{"line":37,"column":31}},"loc":{"start":{"line":37,"column":53},"end":{"line":57,"column":1}}},"6":{"name":"(anonymous_6)","decl":{"start":{"line":38,"column":9},"end":{"line":38,"column":null}},"loc":{"start":{"line":41,"column":42},"end":{"line":56,"column":3}}},"7":{"name":"(anonymous_7)","decl":{"start":{"line":48,"column":23},"end":{"line":48,"column":28}},"loc":{"start":{"line":48,"column":76},"end":{"line":53,"column":10}}}},"branchMap":{"0":{"loc":{"start":{"line":24,"column":4},"end":{"line":26,"column":5}},"type":"if","locations":[{"start":{"line":24,"column":4},"end":{"line":26,"column":5}}]},"1":{"loc":{"start":{"line":44,"column":4},"end":{"line":46,"column":5}},"type":"if","locations":[{"start":{"line":44,"column":4},"end":{"line":46,"column":5}}]}},"s":{"0":0,"1":0,"2":0,"3":0,"4":0,"5":0,"6":0,"7":0,"8":0,"9":0,"10":0,"11":0,"12":0,"13":0,"14":0,"15":0,"16":0,"17":0,"18":0,"19":0,"20":0,"21":0,"22":0},"f":{"0":0,"1":0,"2":0,"3":0,"4":0,"5":0,"6":0,"7":0},"b":{"0":[0],"1":[0]}}
,"/home/jireh/projects/stratpoint/CashDaddy/user-service/src/middlewares/auth.middleware.ts": {"path":"/home/jireh/projects/stratpoint/CashDaddy/user-service/src/middlewares/auth.middleware.ts","statementMap":{"0":{"start":{"line":4,"column":0},"end":{"line":4,"column":58}},"1":{"start":{"line":5,"column":0},"end":{"line":5,"column":63}},"2":{"start":{"line":7,"column":0},"end":{"line":7,"column":60}},"3":{"start":{"line":17,"column":20},"end":{"line":17,"column":37}},"4":{"start":{"line":19,"column":30},"end":{"line":60,"column":1}},"5":{"start":{"line":20,"column":75},"end":{"line":20,"column":82}},"6":{"start":{"line":22,"column":2},"end":{"line":59,"column":4}},"7":{"start":{"line":23,"column":4},"end":{"line":58,"column":5}},"8":{"start":{"line":24,"column":20},"end":{"line":24,"column":71}},"9":{"start":{"line":26,"column":6},"end":{"line":28,"column":7}},"10":{"start":{"line":27,"column":8},"end":{"line":27,"column":64}},"11":{"start":{"line":30,"column":22},"end":{"line":30,"column":52}},"12":{"start":{"line":33,"column":6},"end":{"line":41,"column":7}},"13":{"start":{"line":34,"column":32},"end":{"line":36,"column":72}},"14":{"start":{"line":38,"column":8},"end":{"line":40,"column":9}},"15":{"start":{"line":39,"column":10},"end":{"line":39,"column":66}},"16":{"start":{"line":44,"column":6},"end":{"line":44,"column":25}},"17":{"start":{"line":47,"column":6},"end":{"line":53,"column":7}},"18":{"start":{"line":48,"column":31},"end":{"line":48,"column":73}},"19":{"start":{"line":50,"column":8},"end":{"line":52,"column":9}},"20":{"start":{"line":51,"column":10},"end":{"line":51,"column":81}},"21":{"start":{"line":55,"column":6},"end":{"line":55,"column":13}},"22":{"start":{"line":57,"column":6},"end":{"line":57,"column":18}},"23":{"start":{"line":19,"column":13},"end":{"line":19,"column":30}},"24":{"start":{"line":63,"column":2},"end":{"line":63,"column":67}},"25":{"start":{"line":66,"column":13},"end":{"line":66,"column":44}},"26":{"start":{"line":67,"column":13},"end":{"line":67,"column":94}},"27":{"start":{"line":68,"column":13},"end":{"line":68,"column":83}},"28":{"start":{"line":69,"column":13},"end":{"line":69,"column":73}}},"fnMap":{"0":{"name":"(anonymous_0)","decl":{"start":{"line":19,"column":30},"end":{"line":19,"column":31}},"loc":{"start":{"line":19,"column":60},"end":{"line":60,"column":1}}},"1":{"name":"(anonymous_1)","decl":{"start":{"line":22,"column":9},"end":{"line":22,"column":14}},"loc":{"start":{"line":22,"column":68},"end":{"line":59,"column":3}}},"2":{"name":"getResourceUserId","decl":{"start":{"line":62,"column":9},"end":{"line":62,"column":26}},"loc":{"start":{"line":62,"column":58},"end":{"line":64,"column":1}}}},"branchMap":{"0":{"loc":{"start":{"line":19,"column":31},"end":{"line":19,"column":56}},"type":"default-arg","locations":[{"start":{"line":19,"column":54},"end":{"line":19,"column":56}}]},"1":{"loc":{"start":{"line":20,"column":17},"end":{"line":20,"column":39}},"type":"default-arg","locations":[{"start":{"line":20,"column":34},"end":{"line":20,"column":39}}]},"2":{"loc":{"start":{"line":20,"column":41},"end":{"line":20,"column":70}},"type":"default-arg","locations":[{"start":{"line":20,"column":62},"end":{"line":20,"column":70}}]},"3":{"loc":{"start":{"line":26,"column":6},"end":{"line":28,"column":7}},"type":"if","locations":[{"start":{"line":26,"column":6},"end":{"line":28,"column":7}}]},"4":{"loc":{"start":{"line":33,"column":6},"end":{"line":41,"column":7}},"type":"if","locations":[{"start":{"line":33,"column":6},"end":{"line":41,"column":7}}]},"5":{"loc":{"start":{"line":34,"column":32},"end":{"line":36,"column":72}},"type":"cond-expr","locations":[{"start":{"line":35,"column":12},"end":{"line":35,"column":93}},{"start":{"line":36,"column":12},"end":{"line":36,"column":72}}]},"6":{"loc":{"start":{"line":35,"column":12},"end":{"line":35,"column":93}},"type":"binary-expr","locations":[{"start":{"line":35,"column":12},"end":{"line":35,"column":52}},{"start":{"line":35,"column":56},"end":{"line":35,"column":93}}]},"7":{"loc":{"start":{"line":36,"column":12},"end":{"line":36,"column":72}},"type":"binary-expr","locations":[{"start":{"line":36,"column":12},"end":{"line":36,"column":31}},{"start":{"line":36,"column":35},"end":{"line":36,"column":72}}]},"8":{"loc":{"start":{"line":38,"column":8},"end":{"line":40,"column":9}},"type":"if","locations":[{"start":{"line":38,"column":8},"end":{"line":40,"column":9}}]},"9":{"loc":{"start":{"line":47,"column":6},"end":{"line":53,"column":7}},"type":"if","locations":[{"start":{"line":47,"column":6},"end":{"line":53,"column":7}}]},"10":{"loc":{"start":{"line":47,"column":10},"end":{"line":47,"column":100}},"type":"binary-expr","locations":[{"start":{"line":47,"column":10},"end":{"line":47,"column":24}},{"start":{"line":47,"column":28},"end":{"line":47,"column":59}},{"start":{"line":47,"column":63},"end":{"line":47,"column":100}}]},"11":{"loc":{"start":{"line":50,"column":8},"end":{"line":52,"column":9}},"type":"if","locations":[{"start":{"line":50,"column":8},"end":{"line":52,"column":9}}]},"12":{"loc":{"start":{"line":63,"column":9},"end":{"line":63,"column":66}},"type":"binary-expr","locations":[{"start":{"line":63,"column":9},"end":{"line":63,"column":30}},{"start":{"line":63,"column":35},"end":{"line":63,"column":66}}]}},"s":{"0":0,"1":0,"2":0,"3":0,"4":0,"5":0,"6":0,"7":0,"8":0,"9":0,"10":0,"11":0,"12":0,"13":0,"14":0,"15":0,"16":0,"17":0,"18":0,"19":0,"20":0,"21":0,"22":0,"23":0,"24":0,"25":0,"26":0,"27":0,"28":0},"f":{"0":0,"1":0,"2":0},"b":{"0":[0],"1":[0],"2":[0],"3":[0],"4":[0],"5":[0,0],"6":[0,0],"7":[0,0],"8":[0],"9":[0],"10":[0,0,0],"11":[0],"12":[0,0]}}
,"/home/jireh/projects/stratpoint/CashDaddy/user-service/src/middlewares/error.middleware.ts": {"path":"/home/jireh/projects/stratpoint/CashDaddy/user-service/src/middlewares/error.middleware.ts","statementMap":{"0":{"start":{"line":2,"column":0},"end":{"line":2,"column":123}},"1":{"start":{"line":3,"column":0},"end":{"line":3,"column":37}},"2":{"start":{"line":4,"column":0},"end":{"line":4,"column":49}},"3":{"start":{"line":13,"column":21},"end":{"line":58,"column":1}},"4":{"start":{"line":14,"column":2},"end":{"line":18,"column":3}},"5":{"start":{"line":15,"column":4},"end":{"line":15,"column":28}},"6":{"start":{"line":17,"column":4},"end":{"line":17,"column":45}},"7":{"start":{"line":20,"column":2},"end":{"line":23,"column":3}},"8":{"start":{"line":21,"column":28},"end":{"line":21,"column":49}},"9":{"start":{"line":22,"column":4},"end":{"line":22,"column":102}},"10":{"start":{"line":26,"column":2},"end":{"line":31,"column":3}},"11":{"start":{"line":27,"column":19},"end":{"line":27,"column":74}},"12":{"start":{"line":27,"column":60},"end":{"line":27,"column":73}},"13":{"start":{"line":28,"column":24},"end":{"line":28,"column":62}},"14":{"start":{"line":29,"column":28},"end":{"line":29,"column":57}},"15":{"start":{"line":30,"column":4},"end":{"line":30,"column":101}},"16":{"start":{"line":34,"column":2},"end":{"line":39,"column":3}},"17":{"start":{"line":35,"column":18},"end":{"line":35,"column":46}},"18":{"start":{"line":36,"column":24},"end":{"line":36,"column":71}},"19":{"start":{"line":37,"column":28},"end":{"line":37,"column":57}},"20":{"start":{"line":38,"column":4},"end":{"line":38,"column":104}},"21":{"start":{"line":42,"column":2},"end":{"line":46,"column":3}},"22":{"start":{"line":43,"column":24},"end":{"line":43,"column":63}},"23":{"start":{"line":44,"column":28},"end":{"line":44,"column":57}},"24":{"start":{"line":45,"column":4},"end":{"line":45,"column":105}},"25":{"start":{"line":48,"column":2},"end":{"line":52,"column":3}},"26":{"start":{"line":49,"column":24},"end":{"line":49,"column":99}},"27":{"start":{"line":50,"column":28},"end":{"line":50,"column":57}},"28":{"start":{"line":51,"column":4},"end":{"line":51,"column":101}},"29":{"start":{"line":55,"column":22},"end":{"line":55,"column":62}},"30":{"start":{"line":56,"column":26},"end":{"line":56,"column":55}},"31":{"start":{"line":57,"column":2},"end":{"line":57,"column":95}},"32":{"start":{"line":60,"column":0},"end":{"line":60,"column":28}}},"fnMap":{"0":{"name":"(anonymous_1)","decl":{"start":{"line":13,"column":21},"end":{"line":13,"column":22}},"loc":{"start":{"line":13,"column":134},"end":{"line":58,"column":1}}},"1":{"name":"(anonymous_2)","decl":{"start":{"line":27,"column":49},"end":{"line":27,"column":50}},"loc":{"start":{"line":27,"column":60},"end":{"line":27,"column":73}}}},"branchMap":{"0":{"loc":{"start":{"line":14,"column":2},"end":{"line":18,"column":3}},"type":"if","locations":[{"start":{"line":14,"column":2},"end":{"line":18,"column":3}},{"start":{"line":16,"column":9},"end":{"line":18,"column":3}}]},"1":{"loc":{"start":{"line":20,"column":2},"end":{"line":23,"column":3}},"type":"if","locations":[{"start":{"line":20,"column":2},"end":{"line":23,"column":3}}]},"2":{"loc":{"start":{"line":26,"column":2},"end":{"line":31,"column":3}},"type":"if","locations":[{"start":{"line":26,"column":2},"end":{"line":31,"column":3}}]},"3":{"loc":{"start":{"line":26,"column":6},"end":{"line":26,"column":83}},"type":"binary-expr","locations":[{"start":{"line":26,"column":6},"end":{"line":26,"column":36}},{"start":{"line":26,"column":40},"end":{"line":26,"column":55}},{"start":{"line":26,"column":59},"end":{"line":26,"column":83}}]},"4":{"loc":{"start":{"line":34,"column":2},"end":{"line":39,"column":3}},"type":"if","locations":[{"start":{"line":34,"column":2},"end":{"line":39,"column":3}}]},"5":{"loc":{"start":{"line":34,"column":6},"end":{"line":34,"column":92}},"type":"binary-expr","locations":[{"start":{"line":34,"column":6},"end":{"line":34,"column":19}},{"start":{"line":34,"column":23},"end":{"line":34,"column":41}},{"start":{"line":34,"column":45},"end":{"line":34,"column":62}},{"start":{"line":34,"column":66},"end":{"line":34,"column":92}}]},"6":{"loc":{"start":{"line":42,"column":2},"end":{"line":46,"column":3}},"type":"if","locations":[{"start":{"line":42,"column":2},"end":{"line":46,"column":3}}]},"7":{"loc":{"start":{"line":48,"column":2},"end":{"line":52,"column":3}},"type":"if","locations":[{"start":{"line":48,"column":2},"end":{"line":52,"column":3}}]},"8":{"loc":{"start":{"line":48,"column":6},"end":{"line":48,"column":74}},"type":"binary-expr","locations":[{"start":{"line":48,"column":6},"end":{"line":48,"column":30}},{"start":{"line":48,"column":34},"end":{"line":48,"column":47}},{"start":{"line":48,"column":51},"end":{"line":48,"column":74}}]}},"s":{"0":0,"1":0,"2":0,"3":0,"4":0,"5":0,"6":0,"7":0,"8":0,"9":0,"10":0,"11":0,"12":0,"13":0,"14":0,"15":0,"16":0,"17":0,"18":0,"19":0,"20":0,"21":0,"22":0,"23":0,"24":0,"25":0,"26":0,"27":0,"28":0,"29":0,"30":0,"31":0,"32":0},"f":{"0":0,"1":0},"b":{"0":[0,0],"1":[0],"2":[0],"3":[0,0,0],"4":[0],"5":[0,0,0,0],"6":[0],"7":[0],"8":[0,0,0]}}
,"/home/jireh/projects/stratpoint/CashDaddy/user-service/src/middlewares/logging.middleware.ts": {"path":"/home/jireh/projects/stratpoint/CashDaddy/user-service/src/middlewares/logging.middleware.ts","statementMap":{"0":{"start":{"line":2,"column":0},"end":{"line":2,"column":37}},"1":{"start":{"line":4,"column":22},"end":{"line":12,"column":1}},"2":{"start":{"line":5,"column":2},"end":{"line":10,"column":5}},"3":{"start":{"line":11,"column":2},"end":{"line":11,"column":9}},"4":{"start":{"line":14,"column":0},"end":{"line":14,"column":29}}},"fnMap":{"0":{"name":"(anonymous_1)","decl":{"start":{"line":4,"column":22},"end":{"line":4,"column":23}},"loc":{"start":{"line":4,"column":81},"end":{"line":12,"column":1}}}},"branchMap":{},"s":{"0":0,"1":0,"2":0,"3":0,"4":0},"f":{"0":0},"b":{}}
,"/home/jireh/projects/stratpoint/CashDaddy/user-service/src/middlewares/rate-limit.middleware.ts": {"path":"/home/jireh/projects/stratpoint/CashDaddy/user-service/src/middlewares/rate-limit.middleware.ts","statementMap":{"0":{"start":{"line":1,"column":0},"end":{"line":1,"column":43}},"1":{"start":{"line":4,"column":33},"end":{"line":21,"column":1}},"2":{"start":{"line":8,"column":2},"end":{"line":20,"column":5}},"3":{"start":{"line":15,"column":6},"end":{"line":18,"column":9}},"4":{"start":{"line":4,"column":13},"end":{"line":4,"column":33}}},"fnMap":{"0":{"name":"(anonymous_1)","decl":{"start":{"line":4,"column":33},"end":{"line":4,"column":null}},"loc":{"start":{"line":7,"column":4},"end":{"line":21,"column":1}}},"1":{"name":"(anonymous_2)","decl":{"start":{"line":14,"column":13},"end":{"line":14,"column":14}},"loc":{"start":{"line":14,"column":46},"end":{"line":19,"column":5}}}},"branchMap":{"0":{"loc":{"start":{"line":5,"column":2},"end":{"line":5,"column":35}},"type":"default-arg","locations":[{"start":{"line":5,"column":21},"end":{"line":5,"column":35}}]},"1":{"loc":{"start":{"line":6,"column":2},"end":{"line":6,"column":19}},"type":"default-arg","locations":[{"start":{"line":6,"column":16},"end":{"line":6,"column":19}}]}},"s":{"0":0,"1":0,"2":0,"3":0,"4":0},"f":{"0":0,"1":0},"b":{"0":[0],"1":[0]}}
,"/home/jireh/projects/stratpoint/CashDaddy/user-service/src/middlewares/validation.middleware.ts": {"path":"/home/jireh/projects/stratpoint/CashDaddy/user-service/src/middlewares/validation.middleware.ts","statementMap":{"0":{"start":{"line":3,"column":0},"end":{"line":3,"column":55}},"1":{"start":{"line":5,"column":29},"end":{"line":16,"column":1}},"2":{"start":{"line":6,"column":2},"end":{"line":15,"column":4}},"3":{"start":{"line":7,"column":19},"end":{"line":7,"column":45}},"4":{"start":{"line":9,"column":4},"end":{"line":12,"column":5}},"5":{"start":{"line":10,"column":28},"end":{"line":10,"column":77}},"6":{"start":{"line":10,"column":63},"end":{"line":10,"column":76}},"7":{"start":{"line":11,"column":6},"end":{"line":11,"column":68}},"8":{"start":{"line":14,"column":4},"end":{"line":14,"column":11}},"9":{"start":{"line":5,"column":13},"end":{"line":5,"column":29}}},"fnMap":{"0":{"name":"(anonymous_0)","decl":{"start":{"line":5,"column":29},"end":{"line":5,"column":30}},"loc":{"start":{"line":5,"column":51},"end":{"line":16,"column":1}}},"1":{"name":"(anonymous_1)","decl":{"start":{"line":6,"column":9},"end":{"line":6,"column":10}},"loc":{"start":{"line":6,"column":62},"end":{"line":15,"column":3}}},"2":{"name":"(anonymous_2)","decl":{"start":{"line":10,"column":52},"end":{"line":10,"column":53}},"loc":{"start":{"line":10,"column":63},"end":{"line":10,"column":76}}}},"branchMap":{"0":{"loc":{"start":{"line":9,"column":4},"end":{"line":12,"column":5}},"type":"if","locations":[{"start":{"line":9,"column":4},"end":{"line":12,"column":5}}]}},"s":{"0":0,"1":0,"2":0,"3":0,"4":0,"5":0,"6":0,"7":0,"8":0,"9":0},"f":{"0":0,"1":0,"2":0},"b":{"0":[0]}}
,"/home/jireh/projects/stratpoint/CashDaddy/user-service/src/models/kyc.model.ts": {"path":"/home/jireh/projects/stratpoint/CashDaddy/user-service/src/models/kyc.model.ts","statementMap":{"0":{"start":{"line":1,"column":0},"end":{"line":1,"column":44}},"1":{"start":{"line":2,"column":0},"end":{"line":2,"column":104}},"2":{"start":{"line":4,"column":18},"end":{"line":41,"column":null}},"3":{"start":{"line":31,"column":8},"end":{"line":31,"column":23}},"4":{"start":{"line":32,"column":8},"end":{"line":32,"column":19}},"5":{"start":{"line":37,"column":8},"end":{"line":37,"column":23}},"6":{"start":{"line":38,"column":8},"end":{"line":38,"column":19}},"7":{"start":{"line":44,"column":13},"end":{"line":44,"column":84}}},"fnMap":{"0":{"name":"(anonymous_6)","decl":{"start":{"line":30,"column":17},"end":{"line":30,"column":27}},"loc":{"start":{"line":30,"column":36},"end":{"line":33,"column":7}}},"1":{"name":"(anonymous_7)","decl":{"start":{"line":36,"column":17},"end":{"line":36,"column":27}},"loc":{"start":{"line":36,"column":36},"end":{"line":39,"column":7}}}},"branchMap":{},"s":{"0":0,"1":0,"2":0,"3":0,"4":0,"5":0,"6":0,"7":0},"f":{"0":0,"1":0},"b":{}}
,"/home/jireh/projects/stratpoint/CashDaddy/user-service/src/models/user-profile.model.ts": {"path":"/home/jireh/projects/stratpoint/CashDaddy/user-service/src/models/user-profile.model.ts","statementMap":{"0":{"start":{"line":1,"column":0},"end":{"line":1,"column":44}},"1":{"start":{"line":4,"column":26},"end":{"line":30,"column":null}},"2":{"start":{"line":20,"column":8},"end":{"line":20,"column":23}},"3":{"start":{"line":21,"column":8},"end":{"line":21,"column":19}},"4":{"start":{"line":26,"column":8},"end":{"line":26,"column":23}},"5":{"start":{"line":27,"column":8},"end":{"line":27,"column":19}},"6":{"start":{"line":33,"column":13},"end":{"line":33,"column":90}}},"fnMap":{"0":{"name":"(anonymous_6)","decl":{"start":{"line":19,"column":17},"end":{"line":19,"column":27}},"loc":{"start":{"line":19,"column":36},"end":{"line":22,"column":7}}},"1":{"name":"(anonymous_7)","decl":{"start":{"line":25,"column":17},"end":{"line":25,"column":27}},"loc":{"start":{"line":25,"column":36},"end":{"line":28,"column":7}}}},"branchMap":{},"s":{"0":0,"1":0,"2":0,"3":0,"4":0,"5":0,"6":0},"f":{"0":0,"1":0},"b":{}}
,"/home/jireh/projects/stratpoint/CashDaddy/user-service/src/models/user.model.ts": {"path":"/home/jireh/projects/stratpoint/CashDaddy/user-service/src/models/user.model.ts","statementMap":{"0":{"start":{"line":1,"column":0},"end":{"line":1,"column":51}},"1":{"start":{"line":2,"column":0},"end":{"line":2,"column":82}},"2":{"start":{"line":3,"column":0},"end":{"line":3,"column":32}},"3":{"start":{"line":11,"column":19},"end":{"line":38,"column":null}},"4":{"start":{"line":26,"column":8},"end":{"line":26,"column":23}},"5":{"start":{"line":27,"column":8},"end":{"line":27,"column":28}},"6":{"start":{"line":28,"column":8},"end":{"line":28,"column":19}},"7":{"start":{"line":33,"column":8},"end":{"line":33,"column":23}},"8":{"start":{"line":34,"column":8},"end":{"line":34,"column":28}},"9":{"start":{"line":35,"column":8},"end":{"line":35,"column":19}},"10":{"start":{"line":41,"column":0},"end":{"line":46,"column":3}},"11":{"start":{"line":42,"column":2},"end":{"line":44,"column":3}},"12":{"start":{"line":43,"column":4},"end":{"line":43,"column":59}},"13":{"start":{"line":45,"column":2},"end":{"line":45,"column":9}},"14":{"start":{"line":48,"column":0},"end":{"line":50,"column":2}},"15":{"start":{"line":49,"column":2},"end":{"line":49,"column":57}},"16":{"start":{"line":52,"column":13},"end":{"line":52,"column":73}}},"fnMap":{"0":{"name":"(anonymous_7)","decl":{"start":{"line":25,"column":17},"end":{"line":25,"column":27}},"loc":{"start":{"line":25,"column":36},"end":{"line":29,"column":7}}},"1":{"name":"(anonymous_8)","decl":{"start":{"line":32,"column":17},"end":{"line":32,"column":27}},"loc":{"start":{"line":32,"column":36},"end":{"line":36,"column":7}}},"2":{"name":"(anonymous_9)","decl":{"start":{"line":41,"column":23},"end":{"line":41,"column":28}},"loc":{"start":{"line":41,"column":43},"end":{"line":46,"column":1}}},"3":{"name":"(anonymous_10)","decl":{"start":{"line":48,"column":37},"end":{"line":48,"column":42}},"loc":{"start":{"line":48,"column":69},"end":{"line":50,"column":1}}}},"branchMap":{"0":{"loc":{"start":{"line":42,"column":2},"end":{"line":44,"column":3}},"type":"if","locations":[{"start":{"line":42,"column":2},"end":{"line":44,"column":3}}]}},"s":{"0":0,"1":0,"2":0,"3":0,"4":0,"5":0,"6":0,"7":0,"8":0,"9":0,"10":0,"11":0,"12":0,"13":0,"14":0,"15":0,"16":0},"f":{"0":0,"1":0,"2":0,"3":0},"b":{"0":[0]}}
,"/home/jireh/projects/stratpoint/CashDaddy/user-service/src/routes/index.ts": {"path":"/home/jireh/projects/stratpoint/CashDaddy/user-service/src/routes/index.ts","statementMap":{"0":{"start":{"line":1,"column":0},"end":{"line":1,"column":30}},"1":{"start":{"line":2,"column":0},"end":{"line":2,"column":39}},"2":{"start":{"line":3,"column":0},"end":{"line":3,"column":54}},"3":{"start":{"line":4,"column":0},"end":{"line":4,"column":37}},"4":{"start":{"line":5,"column":0},"end":{"line":5,"column":73}},"5":{"start":{"line":10,"column":15},"end":{"line":19,"column":1}},"6":{"start":{"line":11,"column":20},"end":{"line":11,"column":36}},"7":{"start":{"line":12,"column":2},"end":{"line":12,"column":37}},"8":{"start":{"line":14,"column":2},"end":{"line":14,"column":54}},"9":{"start":{"line":15,"column":2},"end":{"line":15,"column":71}},"10":{"start":{"line":16,"column":2},"end":{"line":16,"column":50}},"11":{"start":{"line":18,"column":2},"end":{"line":18,"column":19}},"12":{"start":{"line":21,"column":0},"end":{"line":21,"column":22}}},"fnMap":{"0":{"name":"(anonymous_1)","decl":{"start":{"line":10,"column":15},"end":{"line":10,"column":16}},"loc":{"start":{"line":10,"column":126},"end":{"line":19,"column":1}}}},"branchMap":{},"s":{"0":0,"1":0,"2":0,"3":0,"4":0,"5":0,"6":0,"7":0,"8":0,"9":0,"10":0,"11":0,"12":0},"f":{"0":0},"b":{}}
,"/home/jireh/projects/stratpoint/CashDaddy/user-service/src/routes/kyc.routes.ts": {"path":"/home/jireh/projects/stratpoint/CashDaddy/user-service/src/routes/kyc.routes.ts","statementMap":{"0":{"start":{"line":1,"column":0},"end":{"line":1,"column":30}},"1":{"start":{"line":2,"column":0},"end":{"line":2,"column":75}},"2":{"start":{"line":3,"column":0},"end":{"line":3,"column":73}},"3":{"start":{"line":5,"column":0},"end":{"line":5,"column":69}},"4":{"start":{"line":7,"column":15},"end":{"line":20,"column":1}},"5":{"start":{"line":8,"column":20},"end":{"line":8,"column":36}},"6":{"start":{"line":11,"column":2},"end":{"line":11,"column":114}},"7":{"start":{"line":12,"column":2},"end":{"line":12,"column":87}},"8":{"start":{"line":15,"column":2},"end":{"line":15,"column":90}},"9":{"start":{"line":16,"column":2},"end":{"line":16,"column":97}},"10":{"start":{"line":17,"column":2},"end":{"line":17,"column":127}},"11":{"start":{"line":19,"column":2},"end":{"line":19,"column":19}},"12":{"start":{"line":22,"column":0},"end":{"line":22,"column":22}}},"fnMap":{"0":{"name":"(anonymous_1)","decl":{"start":{"line":7,"column":15},"end":{"line":7,"column":16}},"loc":{"start":{"line":7,"column":48},"end":{"line":20,"column":1}}}},"branchMap":{},"s":{"0":0,"1":0,"2":0,"3":0,"4":0,"5":0,"6":0,"7":0,"8":0,"9":0,"10":0,"11":0,"12":0},"f":{"0":0},"b":{}}
,"/home/jireh/projects/stratpoint/CashDaddy/user-service/src/routes/user-profile.routes.ts": {"path":"/home/jireh/projects/stratpoint/CashDaddy/user-service/src/routes/user-profile.routes.ts","statementMap":{"0":{"start":{"line":1,"column":0},"end":{"line":1,"column":30}},"1":{"start":{"line":2,"column":0},"end":{"line":2,"column":97}},"2":{"start":{"line":3,"column":0},"end":{"line":3,"column":93}},"3":{"start":{"line":5,"column":0},"end":{"line":5,"column":69}},"4":{"start":{"line":7,"column":15},"end":{"line":38,"column":1}},"5":{"start":{"line":8,"column":24},"end":{"line":8,"column":40}},"6":{"start":{"line":11,"column":2},"end":{"line":16,"column":4}},"7":{"start":{"line":18,"column":2},"end":{"line":18,"column":105}},"8":{"start":{"line":20,"column":2},"end":{"line":25,"column":4}},"9":{"start":{"line":28,"column":2},"end":{"line":28,"column":108}},"10":{"start":{"line":30,"column":2},"end":{"line":35,"column":4}},"11":{"start":{"line":37,"column":2},"end":{"line":37,"column":23}},"12":{"start":{"line":40,"column":0},"end":{"line":40,"column":22}}},"fnMap":{"0":{"name":"(anonymous_1)","decl":{"start":{"line":7,"column":15},"end":{"line":7,"column":16}},"loc":{"start":{"line":7,"column":64},"end":{"line":38,"column":1}}}},"branchMap":{},"s":{"0":0,"1":0,"2":0,"3":0,"4":0,"5":0,"6":0,"7":0,"8":0,"9":0,"10":0,"11":0,"12":0},"f":{"0":0},"b":{}}
,"/home/jireh/projects/stratpoint/CashDaddy/user-service/src/routes/user.routes.ts": {"path":"/home/jireh/projects/stratpoint/CashDaddy/user-service/src/routes/user.routes.ts","statementMap":{"0":{"start":{"line":1,"column":0},"end":{"line":1,"column":30}},"1":{"start":{"line":2,"column":0},"end":{"line":2,"column":94}},"2":{"start":{"line":3,"column":0},"end":{"line":3,"column":94}},"3":{"start":{"line":5,"column":0},"end":{"line":5,"column":69}},"4":{"start":{"line":7,"column":15},"end":{"line":30,"column":1}},"5":{"start":{"line":8,"column":21},"end":{"line":8,"column":37}},"6":{"start":{"line":11,"column":2},"end":{"line":11,"column":108}},"7":{"start":{"line":12,"column":2},"end":{"line":12,"column":99}},"8":{"start":{"line":13,"column":2},"end":{"line":13,"column":86}},"9":{"start":{"line":16,"column":2},"end":{"line":16,"column":85}},"10":{"start":{"line":17,"column":2},"end":{"line":17,"column":121}},"11":{"start":{"line":20,"column":2},"end":{"line":20,"column":88}},"12":{"start":{"line":21,"column":2},"end":{"line":21,"column":88}},"13":{"start":{"line":22,"column":2},"end":{"line":22,"column":124}},"14":{"start":{"line":23,"column":2},"end":{"line":23,"column":107}},"15":{"start":{"line":24,"column":2},"end":{"line":24,"column":107}},"16":{"start":{"line":27,"column":2},"end":{"line":27,"column":113}},"17":{"start":{"line":29,"column":2},"end":{"line":29,"column":20}},"18":{"start":{"line":32,"column":0},"end":{"line":32,"column":22}}},"fnMap":{"0":{"name":"(anonymous_1)","decl":{"start":{"line":7,"column":15},"end":{"line":7,"column":16}},"loc":{"start":{"line":7,"column":50},"end":{"line":30,"column":1}}}},"branchMap":{},"s":{"0":0,"1":0,"2":0,"3":0,"4":0,"5":0,"6":0,"7":0,"8":0,"9":0,"10":0,"11":0,"12":0,"13":0,"14":0,"15":0,"16":0,"17":0,"18":0},"f":{"0":0},"b":{}}
,"/home/jireh/projects/stratpoint/CashDaddy/user-service/src/services/auth/auth.service.ts": {"path":"/home/jireh/projects/stratpoint/CashDaddy/user-service/src/services/auth/auth.service.ts","statementMap":{"0":{"start":{"line":1,"column":0},"end":{"line":1,"column":31}},"1":{"start":{"line":2,"column":0},"end":{"line":2,"column":38}},"2":{"start":{"line":5,"column":0},"end":{"line":5,"column":61}},"3":{"start":{"line":7,"column":19},"end":{"line":7,"column":37}},"4":{"start":{"line":11,"column":4},"end":{"line":11,"column":62}},"5":{"start":{"line":14,"column":4},"end":{"line":22,"column":5}},"6":{"start":{"line":15,"column":22},"end":{"line":15,"column":66}},"7":{"start":{"line":16,"column":6},"end":{"line":16,"column":21}},"8":{"start":{"line":18,"column":6},"end":{"line":20,"column":7}},"9":{"start":{"line":19,"column":8},"end":{"line":19,"column":58}},"10":{"start":{"line":21,"column":6},"end":{"line":21,"column":52}},"11":{"start":{"line":9,"column":0},"end":{"line":9,"column":13}}},"fnMap":{"0":{"name":"(anonymous_1)","decl":{"start":{"line":10,"column":2},"end":{"line":10,"column":15}},"loc":{"start":{"line":10,"column":36},"end":{"line":12,"column":3}}},"1":{"name":"(anonymous_2)","decl":{"start":{"line":13,"column":2},"end":{"line":13,"column":13}},"loc":{"start":{"line":13,"column":27},"end":{"line":23,"column":3}}}},"branchMap":{"0":{"loc":{"start":{"line":18,"column":6},"end":{"line":20,"column":7}},"type":"if","locations":[{"start":{"line":18,"column":6},"end":{"line":20,"column":7}}]}},"s":{"0":0,"1":0,"2":0,"3":0,"4":0,"5":0,"6":0,"7":0,"8":0,"9":0,"10":0,"11":0},"f":{"0":0,"1":0},"b":{"0":[0]}}
,"/home/jireh/projects/stratpoint/CashDaddy/user-service/src/services/cache/cache-manager.service.ts": {"path":"/home/jireh/projects/stratpoint/CashDaddy/user-service/src/services/cache/cache-manager.service.ts","statementMap":{"0":{"start":{"line":2,"column":0},"end":{"line":2,"column":40}},"1":{"start":{"line":3,"column":0},"end":{"line":3,"column":36}},"2":{"start":{"line":5,"column":26},"end":{"line":5,"column":30}},"3":{"start":{"line":8,"column":22},"end":{"line":8,"column":49}},"4":{"start":{"line":11,"column":25},"end":{"line":11,"column":61}},"5":{"start":{"line":12,"column":4},"end":{"line":15,"column":5}},"6":{"start":{"line":13,"column":6},"end":{"line":13,"column":39}},"7":{"start":{"line":14,"column":6},"end":{"line":14,"column":53}},"8":{"start":{"line":17,"column":19},"end":{"line":17,"column":33}},"9":{"start":{"line":18,"column":27},"end":{"line":18,"column":82}},"10":{"start":{"line":19,"column":4},"end":{"line":19,"column":61}},"11":{"start":{"line":21,"column":4},"end":{"line":21,"column":18}},"12":{"start":{"line":25,"column":4},"end":{"line":25,"column":37}},"13":{"start":{"line":29,"column":4},"end":{"line":44,"column":5}},"14":{"start":{"line":30,"column":6},"end":{"line":39,"column":8}},"15":{"start":{"line":34,"column":12},"end":{"line":34,"column":57}},"16":{"start":{"line":35,"column":12},"end":{"line":35,"column":23}},"17":{"start":{"line":40,"column":11},"end":{"line":44,"column":5}},"18":{"start":{"line":41,"column":6},"end":{"line":41,"column":59}},"19":{"start":{"line":43,"column":6},"end":{"line":43,"column":45}},"20":{"start":{"line":48,"column":4},"end":{"line":56,"column":5}},"21":{"start":{"line":50,"column":42},"end":{"line":50,"column":46}},"22":{"start":{"line":51,"column":6},"end":{"line":53,"column":47}},"23":{"start":{"line":52,"column":28},"end":{"line":52,"column":53}},"24":{"start":{"line":53,"column":28},"end":{"line":53,"column":45}},"25":{"start":{"line":55,"column":6},"end":{"line":55,"column":44}},"26":{"start":{"line":59,"column":47},"end":{"line":59,"column":49}},"27":{"start":{"line":60,"column":4},"end":{"line":62,"column":5}},"28":{"start":{"line":61,"column":6},"end":{"line":61,"column":46}},"29":{"start":{"line":63,"column":4},"end":{"line":63,"column":22}},"30":{"start":{"line":67,"column":50},"end":{"line":67,"column":52}},"31":{"start":{"line":68,"column":4},"end":{"line":75,"column":5}},"32":{"start":{"line":69,"column":6},"end":{"line":74,"column":7}},"33":{"start":{"line":70,"column":8},"end":{"line":70,"column":46}},"34":{"start":{"line":72,"column":8},"end":{"line":72,"column":120}},"35":{"start":{"line":73,"column":8},"end":{"line":73,"column":34}},"36":{"start":{"line":76,"column":4},"end":{"line":76,"column":24}},"37":{"start":{"line":80,"column":4},"end":{"line":89,"column":5}},"38":{"start":{"line":81,"column":18},"end":{"line":81,"column":104}},"39":{"start":{"line":82,"column":6},"end":{"line":88,"column":7}},"40":{"start":{"line":83,"column":8},"end":{"line":83,"column":31}},"41":{"start":{"line":84,"column":13},"end":{"line":88,"column":7}},"42":{"start":{"line":85,"column":8},"end":{"line":85,"column":30}},"43":{"start":{"line":87,"column":8},"end":{"line":87,"column":58}},"44":{"start":{"line":90,"column":4},"end":{"line":90,"column":29}},"45":{"start":{"line":94,"column":4},"end":{"line":100,"column":5}},"46":{"start":{"line":95,"column":6},"end":{"line":95,"column":67}},"47":{"start":{"line":95,"column":32},"end":{"line":95,"column":65}},"48":{"start":{"line":96,"column":11},"end":{"line":100,"column":5}},"49":{"start":{"line":97,"column":6},"end":{"line":97,"column":27}},"50":{"start":{"line":98,"column":11},"end":{"line":100,"column":5}},"51":{"start":{"line":99,"column":6},"end":{"line":99,"column":27}},"52":{"start":{"line":101,"column":4},"end":{"line":101,"column":16}},"53":{"start":{"line":7,"column":0},"end":{"line":7,"column":13}}},"fnMap":{"0":{"name":"(anonymous_1)","decl":{"start":{"line":8,"column":2},"end":{"line":8,"column":22}},"loc":{"start":{"line":8,"column":49},"end":{"line":8,"column":53}}},"1":{"name":"(anonymous_2)","decl":{"start":{"line":10,"column":2},"end":{"line":10,"column":7}},"loc":{"start":{"line":10,"column":93},"end":{"line":22,"column":3}}},"2":{"name":"(anonymous_3)","decl":{"start":{"line":24,"column":2},"end":{"line":24,"column":7}},"loc":{"start":{"line":24,"column":35},"end":{"line":26,"column":3}}},"3":{"name":"(anonymous_4)","decl":{"start":{"line":28,"column":10},"end":{"line":28,"column":23}},"loc":{"start":{"line":28,"column":37},"end":{"line":45,"column":3}}},"4":{"name":"(anonymous_5)","decl":{"start":{"line":33,"column":10},"end":{"line":33,"column":11}},"loc":{"start":{"line":33,"column":31},"end":{"line":36,"column":11}}},"5":{"name":"(anonymous_6)","decl":{"start":{"line":47,"column":10},"end":{"line":47,"column":25}},"loc":{"start":{"line":47,"column":54},"end":{"line":57,"column":3}}},"6":{"name":"(anonymous_7)","decl":{"start":{"line":52,"column":14},"end":{"line":52,"column":15}},"loc":{"start":{"line":52,"column":28},"end":{"line":52,"column":53}}},"7":{"name":"(anonymous_8)","decl":{"start":{"line":53,"column":13},"end":{"line":53,"column":14}},"loc":{"start":{"line":53,"column":28},"end":{"line":53,"column":45}}},"8":{"name":"(anonymous_9)","decl":{"start":{"line":58,"column":10},"end":{"line":58,"column":26}},"loc":{"start":{"line":58,"column":56},"end":{"line":64,"column":3}}},"9":{"name":"(anonymous_10)","decl":{"start":{"line":66,"column":10},"end":{"line":66,"column":29}},"loc":{"start":{"line":66,"column":58},"end":{"line":77,"column":3}}},"10":{"name":"(anonymous_11)","decl":{"start":{"line":79,"column":10},"end":{"line":79,"column":21}},"loc":{"start":{"line":79,"column":37},"end":{"line":91,"column":3}}},"11":{"name":"(anonymous_12)","decl":{"start":{"line":93,"column":10},"end":{"line":93,"column":32}},"loc":{"start":{"line":93,"column":46},"end":{"line":102,"column":3}}},"12":{"name":"(anonymous_13)","decl":{"start":{"line":95,"column":22},"end":{"line":95,"column":23}},"loc":{"start":{"line":95,"column":32},"end":{"line":95,"column":65}}}},"branchMap":{"0":{"loc":{"start":{"line":10,"column":62},"end":{"line":10,"column":93}},"type":"default-arg","locations":[{"start":{"line":10,"column":76},"end":{"line":10,"column":93}}]},"1":{"loc":{"start":{"line":12,"column":4},"end":{"line":15,"column":5}},"type":"if","locations":[{"start":{"line":12,"column":4},"end":{"line":15,"column":5}}]},"2":{"loc":{"start":{"line":29,"column":4},"end":{"line":44,"column":5}},"type":"if","locations":[{"start":{"line":29,"column":4},"end":{"line":44,"column":5}},{"start":{"line":40,"column":11},"end":{"line":44,"column":5}}]},"3":{"loc":{"start":{"line":40,"column":11},"end":{"line":44,"column":5}},"type":"if","locations":[{"start":{"line":40,"column":11},"end":{"line":44,"column":5}},{"start":{"line":42,"column":11},"end":{"line":44,"column":5}}]},"4":{"loc":{"start":{"line":40,"column":15},"end":{"line":40,"column":47}},"type":"binary-expr","locations":[{"start":{"line":40,"column":15},"end":{"line":40,"column":19}},{"start":{"line":40,"column":23},"end":{"line":40,"column":47}}]},"5":{"loc":{"start":{"line":48,"column":4},"end":{"line":56,"column":5}},"type":"if","locations":[{"start":{"line":48,"column":4},"end":{"line":56,"column":5}},{"start":{"line":54,"column":11},"end":{"line":56,"column":5}}]},"6":{"loc":{"start":{"line":72,"column":62},"end":{"line":72,"column":116}},"type":"cond-expr","locations":[{"start":{"line":72,"column":87},"end":{"line":72,"column":100}},{"start":{"line":72,"column":103},"end":{"line":72,"column":116}}]},"7":{"loc":{"start":{"line":80,"column":4},"end":{"line":89,"column":5}},"type":"if","locations":[{"start":{"line":80,"column":4},"end":{"line":89,"column":5}}]},"8":{"loc":{"start":{"line":80,"column":8},"end":{"line":80,"column":44}},"type":"binary-expr","locations":[{"start":{"line":80,"column":8},"end":{"line":80,"column":14}},{"start":{"line":80,"column":18},"end":{"line":80,"column":44}}]},"9":{"loc":{"start":{"line":82,"column":6},"end":{"line":88,"column":7}},"type":"if","locations":[{"start":{"line":82,"column":6},"end":{"line":88,"column":7}},{"start":{"line":84,"column":13},"end":{"line":88,"column":7}}]},"10":{"loc":{"start":{"line":84,"column":13},"end":{"line":88,"column":7}},"type":"if","locations":[{"start":{"line":84,"column":13},"end":{"line":88,"column":7}},{"start":{"line":86,"column":13},"end":{"line":88,"column":7}}]},"11":{"loc":{"start":{"line":84,"column":17},"end":{"line":84,"column":67}},"type":"binary-expr","locations":[{"start":{"line":84,"column":17},"end":{"line":84,"column":29}},{"start":{"line":84,"column":33},"end":{"line":84,"column":67}}]},"12":{"loc":{"start":{"line":94,"column":4},"end":{"line":100,"column":5}},"type":"if","locations":[{"start":{"line":94,"column":4},"end":{"line":100,"column":5}},{"start":{"line":96,"column":11},"end":{"line":100,"column":5}}]},"13":{"loc":{"start":{"line":96,"column":11},"end":{"line":100,"column":5}},"type":"if","locations":[{"start":{"line":96,"column":11},"end":{"line":100,"column":5}},{"start":{"line":98,"column":11},"end":{"line":100,"column":5}}]},"14":{"loc":{"start":{"line":98,"column":11},"end":{"line":100,"column":5}},"type":"if","locations":[{"start":{"line":98,"column":11},"end":{"line":100,"column":5}}]},"15":{"loc":{"start":{"line":98,"column":15},"end":{"line":98,"column":104}},"type":"binary-expr","locations":[{"start":{"line":98,"column":15},"end":{"line":98,"column":19}},{"start":{"line":98,"column":23},"end":{"line":98,"column":47}},{"start":{"line":98,"column":51},"end":{"line":98,"column":67}},{"start":{"line":98,"column":71},"end":{"line":98,"column":104}}]}},"s":{"0":0,"1":0,"2":0,"3":0,"4":0,"5":0,"6":0,"7":0,"8":0,"9":0,"10":0,"11":0,"12":0,"13":0,"14":0,"15":0,"16":0,"17":0,"18":0,"19":0,"20":0,"21":0,"22":0,"23":0,"24":0,"25":0,"26":0,"27":0,"28":0,"29":0,"30":0,"31":0,"32":0,"33":0,"34":0,"35":0,"36":0,"37":0,"38":0,"39":0,"40":0,"41":0,"42":0,"43":0,"44":0,"45":0,"46":0,"47":0,"48":0,"49":0,"50":0,"51":0,"52":0,"53":0},"f":{"0":0,"1":0,"2":0,"3":0,"4":0,"5":0,"6":0,"7":0,"8":0,"9":0,"10":0,"11":0,"12":0},"b":{"0":[0],"1":[0],"2":[0,0],"3":[0,0],"4":[0,0],"5":[0,0],"6":[0,0],"7":[0],"8":[0,0],"9":[0,0],"10":[0,0],"11":[0,0],"12":[0,0],"13":[0,0],"14":[0],"15":[0,0,0,0]}}
,"/home/jireh/projects/stratpoint/CashDaddy/user-service/src/services/db/kyc.service.ts": {"path":"/home/jireh/projects/stratpoint/CashDaddy/user-service/src/services/db/kyc.service.ts","statementMap":{"0":{"start":{"line":1,"column":0},"end":{"line":1,"column":81}},"1":{"start":{"line":2,"column":0},"end":{"line":2,"column":58}},"2":{"start":{"line":3,"column":0},"end":{"line":3,"column":73}},"3":{"start":{"line":4,"column":0},"end":{"line":4,"column":80}},"4":{"start":{"line":5,"column":0},"end":{"line":5,"column":62}},"5":{"start":{"line":7,"column":0},"end":{"line":7,"column":47}},"6":{"start":{"line":14,"column":24},"end":{"line":14,"column":67}},"7":{"start":{"line":15,"column":4},"end":{"line":17,"column":5}},"8":{"start":{"line":16,"column":6},"end":{"line":16,"column":111}},"9":{"start":{"line":19,"column":24},"end":{"line":19,"column":72}},"10":{"start":{"line":21,"column":4},"end":{"line":31,"column":5}},"11":{"start":{"line":22,"column":6},"end":{"line":24,"column":7}},"12":{"start":{"line":23,"column":8},"end":{"line":23,"column":107}},"13":{"start":{"line":26,"column":6},"end":{"line":26,"column":42}},"14":{"start":{"line":27,"column":6},"end":{"line":27,"column":66}},"15":{"start":{"line":28,"column":6},"end":{"line":28,"column":46}},"16":{"start":{"line":29,"column":6},"end":{"line":29,"column":31}},"17":{"start":{"line":30,"column":6},"end":{"line":30,"column":25}},"18":{"start":{"line":33,"column":19},"end":{"line":37,"column":6}},"19":{"start":{"line":38,"column":4},"end":{"line":38,"column":24}},"20":{"start":{"line":40,"column":4},"end":{"line":40,"column":62}},"21":{"start":{"line":42,"column":4},"end":{"line":42,"column":18}},"22":{"start":{"line":47,"column":16},"end":{"line":47,"column":64}},"23":{"start":{"line":48,"column":4},"end":{"line":50,"column":5}},"24":{"start":{"line":49,"column":6},"end":{"line":49,"column":61}},"25":{"start":{"line":51,"column":4},"end":{"line":51,"column":15}},"26":{"start":{"line":57,"column":16},"end":{"line":57,"column":64}},"27":{"start":{"line":58,"column":4},"end":{"line":60,"column":5}},"28":{"start":{"line":59,"column":6},"end":{"line":59,"column":47}},"29":{"start":{"line":62,"column":4},"end":{"line":64,"column":5}},"30":{"start":{"line":63,"column":6},"end":{"line":63,"column":59}},"31":{"start":{"line":66,"column":24},"end":{"line":66,"column":69}},"32":{"start":{"line":67,"column":4},"end":{"line":69,"column":5}},"33":{"start":{"line":68,"column":6},"end":{"line":68,"column":107}},"34":{"start":{"line":71,"column":17},"end":{"line":71,"column":46}},"35":{"start":{"line":72,"column":4},"end":{"line":74,"column":5}},"36":{"start":{"line":73,"column":6},"end":{"line":73,"column":48}},"37":{"start":{"line":76,"column":4},"end":{"line":76,"column":57}},"38":{"start":{"line":77,"column":4},"end":{"line":77,"column":36}},"39":{"start":{"line":78,"column":4},"end":{"line":78,"column":21}},"40":{"start":{"line":80,"column":4},"end":{"line":80,"column":25}},"41":{"start":{"line":86,"column":4},"end":{"line":88,"column":5}},"42":{"start":{"line":87,"column":6},"end":{"line":87,"column":64}},"43":{"start":{"line":90,"column":16},"end":{"line":96,"column":null}},"44":{"start":{"line":98,"column":4},"end":{"line":100,"column":5}},"45":{"start":{"line":99,"column":6},"end":{"line":99,"column":47}},"46":{"start":{"line":101,"column":4},"end":{"line":101,"column":15}},"47":{"start":{"line":10,"column":0},"end":{"line":10,"column":13}},"48":{"start":{"line":13,"column":8},"end":{"line":43,"column":null}},"49":{"start":{"line":46,"column":8},"end":{"line":52,"column":null}},"50":{"start":{"line":56,"column":8},"end":{"line":81,"column":null}},"51":{"start":{"line":85,"column":8},"end":{"line":102,"column":null}}},"fnMap":{"0":{"name":"(anonymous_1)","decl":{"start":{"line":13,"column":2},"end":{"line":13,"column":7}},"loc":{"start":{"line":13,"column":92},"end":{"line":43,"column":3}}},"1":{"name":"(anonymous_2)","decl":{"start":{"line":46,"column":2},"end":{"line":46,"column":7}},"loc":{"start":{"line":46,"column":35},"end":{"line":52,"column":3}}},"2":{"name":"(anonymous_3)","decl":{"start":{"line":56,"column":2},"end":{"line":56,"column":7}},"loc":{"start":{"line":56,"column":33},"end":{"line":81,"column":3}}},"3":{"name":"(anonymous_4)","decl":{"start":{"line":85,"column":2},"end":{"line":85,"column":7}},"loc":{"start":{"line":85,"column":57},"end":{"line":102,"column":3}}}},"branchMap":{"0":{"loc":{"start":{"line":15,"column":4},"end":{"line":17,"column":5}},"type":"if","locations":[{"start":{"line":15,"column":4},"end":{"line":17,"column":5}}]},"1":{"loc":{"start":{"line":21,"column":4},"end":{"line":31,"column":5}},"type":"if","locations":[{"start":{"line":21,"column":4},"end":{"line":31,"column":5}}]},"2":{"loc":{"start":{"line":22,"column":6},"end":{"line":24,"column":7}},"type":"if","locations":[{"start":{"line":22,"column":6},"end":{"line":24,"column":7}}]},"3":{"loc":{"start":{"line":48,"column":4},"end":{"line":50,"column":5}},"type":"if","locations":[{"start":{"line":48,"column":4},"end":{"line":50,"column":5}}]},"4":{"loc":{"start":{"line":58,"column":4},"end":{"line":60,"column":5}},"type":"if","locations":[{"start":{"line":58,"column":4},"end":{"line":60,"column":5}}]},"5":{"loc":{"start":{"line":62,"column":4},"end":{"line":64,"column":5}},"type":"if","locations":[{"start":{"line":62,"column":4},"end":{"line":64,"column":5}}]},"6":{"loc":{"start":{"line":67,"column":4},"end":{"line":69,"column":5}},"type":"if","locations":[{"start":{"line":67,"column":4},"end":{"line":69,"column":5}}]},"7":{"loc":{"start":{"line":72,"column":4},"end":{"line":74,"column":5}},"type":"if","locations":[{"start":{"line":72,"column":4},"end":{"line":74,"column":5}}]},"8":{"loc":{"start":{"line":86,"column":4},"end":{"line":88,"column":5}},"type":"if","locations":[{"start":{"line":86,"column":4},"end":{"line":88,"column":5}}]},"9":{"loc":{"start":{"line":98,"column":4},"end":{"line":100,"column":5}},"type":"if","locations":[{"start":{"line":98,"column":4},"end":{"line":100,"column":5}}]}},"s":{"0":0,"1":0,"2":0,"3":0,"4":0,"5":0,"6":0,"7":0,"8":0,"9":0,"10":0,"11":0,"12":0,"13":0,"14":0,"15":0,"16":0,"17":0,"18":0,"19":0,"20":0,"21":0,"22":0,"23":0,"24":0,"25":0,"26":0,"27":0,"28":0,"29":0,"30":0,"31":0,"32":0,"33":0,"34":0,"35":0,"36":0,"37":0,"38":0,"39":0,"40":0,"41":0,"42":0,"43":0,"44":0,"45":0,"46":0,"47":0,"48":0,"49":0,"50":0,"51":0},"f":{"0":0,"1":0,"2":0,"3":0},"b":{"0":[0],"1":[0],"2":[0],"3":[0],"4":[0],"5":[0],"6":[0],"7":[0],"8":[0],"9":[0]}}
,"/home/jireh/projects/stratpoint/CashDaddy/user-service/src/services/db/user-profile.service.ts": {"path":"/home/jireh/projects/stratpoint/CashDaddy/user-service/src/services/db/user-profile.service.ts","statementMap":{"0":{"start":{"line":3,"column":0},"end":{"line":3,"column":80}},"1":{"start":{"line":5,"column":0},"end":{"line":5,"column":62}},"2":{"start":{"line":6,"column":0},"end":{"line":6,"column":47}},"3":{"start":{"line":7,"column":0},"end":{"line":7,"column":73}},"4":{"start":{"line":25,"column":28},"end":{"line":25,"column":71}},"5":{"start":{"line":26,"column":4},"end":{"line":28,"column":5}},"6":{"start":{"line":27,"column":6},"end":{"line":27,"column":63}},"7":{"start":{"line":30,"column":20},"end":{"line":40,"column":6}},"8":{"start":{"line":41,"column":4},"end":{"line":41,"column":25}},"9":{"start":{"line":42,"column":4},"end":{"line":42,"column":71}},"10":{"start":{"line":43,"column":4},"end":{"line":43,"column":19}},"11":{"start":{"line":48,"column":20},"end":{"line":48,"column":63}},"12":{"start":{"line":49,"column":4},"end":{"line":51,"column":5}},"13":{"start":{"line":50,"column":6},"end":{"line":50,"column":56}},"14":{"start":{"line":52,"column":4},"end":{"line":52,"column":19}},"15":{"start":{"line":58,"column":20},"end":{"line":58,"column":120}},"16":{"start":{"line":59,"column":4},"end":{"line":61,"column":5}},"17":{"start":{"line":60,"column":6},"end":{"line":60,"column":56}},"18":{"start":{"line":62,"column":4},"end":{"line":62,"column":19}},"19":{"start":{"line":10,"column":0},"end":{"line":10,"column":13}},"20":{"start":{"line":13,"column":8},"end":{"line":44,"column":null}},"21":{"start":{"line":47,"column":8},"end":{"line":53,"column":null}},"22":{"start":{"line":57,"column":8},"end":{"line":63,"column":null}}},"fnMap":{"0":{"name":"(anonymous_1)","decl":{"start":{"line":13,"column":2},"end":{"line":13,"column":7}},"loc":{"start":{"line":22,"column":22},"end":{"line":44,"column":3}}},"1":{"name":"(anonymous_2)","decl":{"start":{"line":47,"column":2},"end":{"line":47,"column":7}},"loc":{"start":{"line":47,"column":33},"end":{"line":53,"column":3}}},"2":{"name":"(anonymous_3)","decl":{"start":{"line":57,"column":2},"end":{"line":57,"column":7}},"loc":{"start":{"line":57,"column":71},"end":{"line":63,"column":3}}}},"branchMap":{"0":{"loc":{"start":{"line":26,"column":4},"end":{"line":28,"column":5}},"type":"if","locations":[{"start":{"line":26,"column":4},"end":{"line":28,"column":5}}]},"1":{"loc":{"start":{"line":49,"column":4},"end":{"line":51,"column":5}},"type":"if","locations":[{"start":{"line":49,"column":4},"end":{"line":51,"column":5}}]},"2":{"loc":{"start":{"line":59,"column":4},"end":{"line":61,"column":5}},"type":"if","locations":[{"start":{"line":59,"column":4},"end":{"line":61,"column":5}}]}},"s":{"0":0,"1":0,"2":0,"3":0,"4":0,"5":0,"6":0,"7":0,"8":0,"9":0,"10":0,"11":0,"12":0,"13":0,"14":0,"15":0,"16":0,"17":0,"18":0,"19":0,"20":0,"21":0,"22":0},"f":{"0":0,"1":0,"2":0},"b":{"0":[0],"1":[0],"2":[0]}}
,"/home/jireh/projects/stratpoint/CashDaddy/user-service/src/services/db/user.service.ts": {"path":"/home/jireh/projects/stratpoint/CashDaddy/user-service/src/services/db/user.service.ts","statementMap":{"0":{"start":{"line":1,"column":0},"end":{"line":1,"column":32}},"1":{"start":{"line":2,"column":0},"end":{"line":2,"column":85}},"2":{"start":{"line":3,"column":0},"end":{"line":3,"column":47}},"3":{"start":{"line":4,"column":0},"end":{"line":4,"column":73}},"4":{"start":{"line":6,"column":0},"end":{"line":6,"column":80}},"5":{"start":{"line":7,"column":0},"end":{"line":7,"column":40}},"6":{"start":{"line":8,"column":0},"end":{"line":8,"column":81}},"7":{"start":{"line":13,"column":25},"end":{"line":13,"column":54}},"8":{"start":{"line":14,"column":4},"end":{"line":16,"column":5}},"9":{"start":{"line":15,"column":6},"end":{"line":15,"column":55}},"10":{"start":{"line":18,"column":24},"end":{"line":18,"column":75}},"11":{"start":{"line":20,"column":17},"end":{"line":26,"column":6}},"12":{"start":{"line":28,"column":4},"end":{"line":28,"column":22}},"13":{"start":{"line":29,"column":4},"end":{"line":29,"column":16}},"14":{"start":{"line":33,"column":17},"end":{"line":33,"column":46}},"15":{"start":{"line":34,"column":4},"end":{"line":36,"column":5}},"16":{"start":{"line":35,"column":6},"end":{"line":35,"column":75}},"17":{"start":{"line":38,"column":28},"end":{"line":38,"column":64}},"18":{"start":{"line":39,"column":4},"end":{"line":41,"column":5}},"19":{"start":{"line":40,"column":6},"end":{"line":40,"column":55}},"20":{"start":{"line":43,"column":24},"end":{"line":43,"column":45}},"21":{"start":{"line":44,"column":4},"end":{"line":56,"column":5}},"22":{"start":{"line":45,"column":27},"end":{"line":51,"column":16}},"23":{"start":{"line":53,"column":6},"end":{"line":55,"column":7}},"24":{"start":{"line":54,"column":8},"end":{"line":54,"column":45}},"25":{"start":{"line":58,"column":37},"end":{"line":64,"column":6}},"26":{"start":{"line":65,"column":4},"end":{"line":65,"column":47}},"27":{"start":{"line":67,"column":4},"end":{"line":67,"column":23}},"28":{"start":{"line":72,"column":4},"end":{"line":74,"column":5}},"29":{"start":{"line":73,"column":6},"end":{"line":73,"column":49}},"30":{"start":{"line":76,"column":17},"end":{"line":76,"column":91}},"31":{"start":{"line":77,"column":4},"end":{"line":79,"column":5}},"32":{"start":{"line":78,"column":6},"end":{"line":78,"column":48}},"33":{"start":{"line":81,"column":4},"end":{"line":81,"column":16}},"34":{"start":{"line":86,"column":17},"end":{"line":86,"column":44}},"35":{"start":{"line":87,"column":4},"end":{"line":89,"column":5}},"36":{"start":{"line":88,"column":6},"end":{"line":88,"column":48}}
[...]
,"/home/jireh/projects/stratpoint/CashDaddy/user-service/src/utils/logger.ts": {"path":"/home/jireh/projects/stratpoint/CashDaddy/user-service/src/utils/logger.ts","statementMap":{"0":{"start":{"line":1,"column":0},"end":{"line":1,"column":30}},"1":{"start":{"line":2,"column":0},"end":{"line":2,"column":56}},"2":{"start":{"line":3,"column":0},"end":{"line":3,"column":35}},"3":{"start":{"line":6,"column":21},"end":{"line":15,"column":2}},"4":{"start":{"line":18,"column":21},"end":{"line":27,"column":2}},"5":{"start":{"line":30,"column":0},"end":{"line":30,"column":32}},"6":{"start":{"line":33,"column":22},"end":{"line":44,"column":2}},"7":{"start":{"line":34,"column":12},"end":{"line":34,"column":49}},"8":{"start":{"line":37,"column":22},"end":{"line":37,"column":46}},"9":{"start":{"line":38,"column":2},"end":{"line":41,"column":3}},"10":{"start":{"line":39,"column":23},"end":{"line":39,"column":102}},"11":{"start":{"line":39,"column":57},"end":{"line":39,"column":90}},"12":{"start":{"line":40,"column":4},"end":{"line":40,"column":30}},"13":{"start":{"line":43,"column":2},"end":{"line":43,"column":13}},"14":{"start":{"line":47,"column":29},"end":{"line":54,"column":2}},"15":{"start":{"line":56,"column":32},"end":{"line":62,"column":2}},"16":{"start":{"line":64,"column":15},"end":{"line":77,"column":2}},"17":{"start":{"line":79,"column":0},"end":{"line":91,"column":1}},"18":{"start":{"line":80,"column":2},"end":{"line":90,"column":4}},"19":{"start":{"line":95,"column":16},"end":{"line":95,"column":18}},"20":{"start":{"line":96,"column":13},"end":{"line":96,"column":15}},"21":{"start":{"line":98,"column":2},"end":{"line":106,"column":5}},"22":{"start":{"line":99,"column":4},"end":{"line":105,"column":5}},"23":{"start":{"line":100,"column":6},"end":{"line":100,"column":44}},"24":{"start":{"line":101,"column":11},"end":{"line":105,"column":5}},"25":{"start":{"line":102,"column":6},"end":{"line":102,"column":33}},"26":{"start":{"line":104,"column":6},"end":{"line":104,"column":52}},"27":{"start":{"line":108,"column":2},"end":{"line":108,"column":27}},"28":{"start":{"line":112,"column":21},"end":{"line":112,"column":74}},"29":{"start":{"line":114,"column":0},"end":{"line":120,"column":3}},"30":{"start":{"line":115,"column":2},"end":{"line":119,"column":4}},"31":{"start":{"line":116,"column":30},"end":{"line":116,"column":50}},"32":{"start":{"line":117,"column":25},"end":{"line":117,"column":59}},"33":{"start":{"line":118,"column":4},"end":{"line":118,"column":45}},"34":{"start":{"line":122,"column":0},"end":{"line":122,"column":28}}},"fnMap":{"0":{"name":"(anonymous_1)","decl":{"start":{"line":33,"column":44},"end":{"line":33,"column":45}},"loc":{"start":{"line":33,"column":91},"end":{"line":44,"column":1}}},"1":{"name":"(anonymous_2)","decl":{"start":{"line":39,"column":39},"end":{"line":39,"column":40}},"loc":{"start":{"line":39,"column":57},"end":{"line":39,"column":90}}},"2":{"name":"processLogArgs","decl":{"start":{"line":94,"column":9},"end":{"line":94,"column":23}},"loc":{"start":{"line":94,"column":39},"end":{"line":109,"column":1}}},"3":{"name":"(anonymous_4)","decl":{"start":{"line":98,"column":15},"end":{"line":98,"column":16}},"loc":{"start":{"line":98,"column":23},"end":{"line":106,"column":3}}},"4":{"name":"(anonymous_5)","decl":{"start":{"line":114,"column":34},"end":{"line":114,"column":35}},"loc":{"start":{"line":114,"column":44},"end":{"line":120,"column":1}}},"5":{"name":"(anonymous_6)","decl":{"start":{"line":115,"column":24},"end":{"line":115,"column":25}},"loc":{"start":{"line":115,"column":47},"end":{"line":119,"column":3}}}},"branchMap":{"0":{"loc":{"start":{"line":38,"column":2},"end":{"line":41,"column":3}},"type":"if","locations":[{"start":{"line":38,"column":2},"end":{"line":41,"column":3}}]},"1":{"loc":{"start":{"line":65,"column":9},"end":{"line":65,"column":40}},"type":"binary-expr","locations":[{"start":{"line":65,"column":9},"end":{"line":65,"column":30}},{"start":{"line":65,"column":34},"end":{"line":65,"column":40}}]},"2":{"loc":{"start":{"line":79,"column":0},"end":{"line":91,"column":1}},"type":"if","locations":[{"start":{"line":79,"column":0},"end":{"line":91,"column":1}}]},"3":{"loc":{"start":{"line":99,"column":4},"end":{"line":105,"column":5}},"type":"if","locations":[{"start":{"line":99,"column":4},"end":{"line":105,"column":5}},{"start":{"line":101,"column":11},"end":{"line":105,"column":5}}]},"4":{"loc":{"start":{"line":100,"column":18},"end":{"line":100,"column":36}},"type":"cond-expr","locations":[{"start":{"line":100,"column":28},"end":{"line":100,"column":31}},{"start":{"line":100,"column":34},"end":{"line":100,"column":36}}]},"5":{"loc":{"start":{"line":101,"column":11},"end":{"line":105,"column":5}},"type":"if","locations":[{"start":{"line":101,"column":11},"end":{"line":105,"column":5}},{"start":{"line":103,"column":11},"end":{"line":105,"column":5}}]},"6":{"loc":{"start":{"line":101,"column":15},"end":{"line":101,"column":54}},"type":"binary-expr","locations":[{"start":{"line":101,"column":15},"end":{"line":101,"column":38}},{"start":{"line":101,"column":42},"end":{"line":101,"column":54}}]},"7":{"loc":{"start":{"line":104,"column":18},"end":{"line":104,"column":36}},"type":"cond-expr","locations":[{"start":{"line":104,"column":28},"end":{"line":104,"column":31}},{"start":{"line":104,"column":34},"end":{"line":104,"column":36}}]}},"s":{"0":1,"1":1,"2":1,"3":1,"4":1,"5":1,"6":1,"7":24,"8":24,"9":24,"10":24,"11":24,"12":24,"13":24,"14":1,"15":1,"16":1,"17":1,"18":1,"19":24,"20":24,"21":24,"22":24,"23":24,"24":0,"25":0,"26":0,"27":24,"28":1,"29":1,"30":8,"31":24,"32":24,"33":24,"34":1},"f":{"0":24,"1":24,"2":24,"3":24,"4":8,"5":24},"b":{"0":[24],"1":[1,1],"2":[1],"3":[24,0],"4":[0,24],"5":[0,0],"6":[0,0],"7":[0,0]}}
,"/home/jireh/projects/stratpoint/CashDaddy/user-service/src/utils/mongo-client.ts": {"path":"/home/jireh/projects/stratpoint/CashDaddy/user-service/src/utils/mongo-client.ts","statementMap":{"0":{"start":{"line":1,"column":0},"end":{"line":1,"column":32}},"1":{"start":{"line":2,"column":0},"end":{"line":2,"column":35}},"2":{"start":{"line":3,"column":0},"end":{"line":3,"column":30}},"3":{"start":{"line":5,"column":30},"end":{"line":13,"column":1}},"4":{"start":{"line":6,"column":2},"end":{"line":12,"column":3}},"5":{"start":{"line":7,"column":4},"end":{"line":7,"column":46}},"6":{"start":{"line":8,"column":4},"end":{"line":8,"column":59}},"7":{"start":{"line":10,"column":4},"end":{"line":10,"column":57}},"8":{"start":{"line":11,"column":4},"end":{"line":11,"column":16}},"9":{"start":{"line":5,"column":13},"end":{"line":5,"column":30}}},"fnMap":{"0":{"name":"(anonymous_1)","decl":{"start":{"line":5,"column":30},"end":{"line":5,"column":35}},"loc":{"start":{"line":5,"column":41},"end":{"line":13,"column":1}}}},"branchMap":{},"s":{"0":0,"1":0,"2":0,"3":0,"4":0,"5":0,"6":0,"7":0,"8":0,"9":0},"f":{"0":0},"b":{}}
,"/home/jireh/projects/stratpoint/CashDaddy/user-service/src/utils/redis-client.ts": {"path":"/home/jireh/projects/stratpoint/CashDaddy/user-service/src/utils/redis-client.ts","statementMap":{"0":{"start":{"line":1,"column":0},"end":{"line":1,"column":37}},"1":{"start":{"line":2,"column":0},"end":{"line":2,"column":35}},"2":{"start":{"line":3,"column":0},"end":{"line":3,"column":30}},"3":{"start":{"line":5,"column":13},"end":{"line":7,"column":3}},"4":{"start":{"line":9,"column":0},"end":{"line":9,"column":74}},"5":{"start":{"line":9,"column":33},"end":{"line":9,"column":72}},"6":{"start":{"line":10,"column":0},"end":{"line":10,"column":86}},"7":{"start":{"line":10,"column":32},"end":{"line":10,"column":84}}},"fnMap":{"0":{"name":"(anonymous_1)","decl":{"start":{"line":9,"column":24},"end":{"line":9,"column":25}},"loc":{"start":{"line":9,"column":33},"end":{"line":9,"column":72}}},"1":{"name":"(anonymous_2)","decl":{"start":{"line":10,"column":26},"end":{"line":10,"column":29}},"loc":{"start":{"line":10,"column":32},"end":{"line":10,"column":84}}}},"branchMap":{},"s":{"0":0,"1":0,"2":0,"3":0,"4":0,"5":0,"6":0,"7":0},"f":{"0":0,"1":0},"b":{}}
,"/home/jireh/projects/stratpoint/CashDaddy/user-service/src/utils/response.ts": {"path":"/home/jireh/projects/stratpoint/CashDaddy/user-service/src/utils/response.ts","statementMap":{"0":{"start":{"line":2,"column":0},"end":{"line":2,"column":30}},"1":{"start":{"line":9,"column":28},"end":{"line":18,"column":1}},"2":{"start":{"line":10,"column":40},"end":{"line":14,"column":4}},"3":{"start":{"line":16,"column":2},"end":{"line":16,"column":52}},"4":{"start":{"line":17,"column":2},"end":{"line":17,"column":47}},"5":{"start":{"line":9,"column":13},"end":{"line":9,"column":28}}},"fnMap":{"0":{"name":"(anonymous_1)","decl":{"start":{"line":9,"column":28},"end":{"line":9,"column":32}},"loc":{"start":{"line":9,"column":124},"end":{"line":18,"column":1}}}},"branchMap":{},"s":{"0":1,"1":1,"2":24,"3":24,"4":24,"5":1},"f":{"0":24},"b":{}}
,"/home/jireh/projects/stratpoint/CashDaddy/user-service/src/utils/validate.ts": {"path":"/home/jireh/projects/stratpoint/CashDaddy/user-service/src/utils/validate.ts","statementMap":{"0":{"start":{"line":1,"column":0},"end":{"line":1,"column":24}},"1":{"start":{"line":2,"column":0},"end":{"line":2,"column":63}},"2":{"start":{"line":4,"column":18},"end":{"line":76,"column":2}},"3":{"start":{"line":6,"column":19},"end":{"line":12,"column":6}},"4":{"start":{"line":13,"column":4},"end":{"line":13,"column":34}},"5":{"start":{"line":17,"column":19},"end":{"line":20,"column":6}},"6":{"start":{"line":21,"column":4},"end":{"line":21,"column":34}},"7":{"start":{"line":25,"column":19},"end":{"line":35,"column":8}},"8":{"start":{"line":33,"column":24},"end":{"line":33,"column":52}},"9":{"start":{"line":36,"column":4},"end":{"line":36,"column":34}},"10":{"start":{"line":40,"column":19},"end":{"line":45,"column":6}},"11":{"start":{"line":46,"column":4},"end":{"line":46,"column":37}},"12":{"start":{"line":50,"column":19},"end":{"line":55,"column":6}},"13":{"start":{"line":56,"column":4},"end":{"line":56,"column":33}},"14":{"start":{"line":60,"column":19},"end":{"line":65,"column":6}},"15":{"start":{"line":66,"column":4},"end":{"line":66,"column":43}},"16":{"start":{"line":70,"column":4},"end":{"line":70,"column":36}},"17":{"start":{"line":74,"column":4},"end":{"line":74,"column":47}},"18":{"start":{"line":78,"column":9},"end":{"line":78,"column":18}}},"fnMap":{"0":{"name":"(anonymous_0)","decl":{"start":{"line":5,"column":2},"end":{"line":5,"column":26}},"loc":{"start":{"line":5,"column":56},"end":{"line":14,"column":3}}},"1":{"name":"(anonymous_1)","decl":{"start":{"line":16,"column":2},"end":{"line":16,"column":15}},"loc":{"start":{"line":16,"column":45},"end":{"line":22,"column":3}}},"2":{"name":"(anonymous_2)","decl":{"start":{"line":24,"column":2},"end":{"line":24,"column":20}},"loc":{"start":{"line":24,"column":50},"end":{"line":37,"column":3}}},"3":{"name":"(anonymous_3)","decl":{"start":{"line":33,"column":14},"end":{"line":33,"column":15}},"loc":{"start":{"line":33,"column":24},"end":{"line":33,"column":52}}},"4":{"name":"(anonymous_4)","decl":{"start":{"line":39,"column":2},"end":{"line":39,"column":21}},"loc":{"start":{"line":39,"column":54},"end":{"line":47,"column":3}}},"5":{"name":"(anonymous_5)","decl":{"start":{"line":49,"column":2},"end":{"line":49,"column":13}},"loc":{"start":{"line":49,"column":42},"end":{"line":57,"column":3}}},"6":{"name":"(anonymous_6)","decl":{"start":{"line":59,"column":2},"end":{"line":59,"column":23}},"loc":{"start":{"line":59,"column":62},"end":{"line":67,"column":3}}},"7":{"name":"(anonymous_7)","decl":{"start":{"line":69,"column":2},"end":{"line":69,"column":12}},"loc":{"start":{"line":69,"column":23},"end":{"line":71,"column":3}}},"8":{"name":"(anonymous_8)","decl":{"start":{"line":73,"column":2},"end":{"line":73,"column":15}},"loc":{"start":{"line":73,"column":29},"end":{"line":75,"column":3}}}},"branchMap":{},"s":{"0":0,"1":0,"2":0,"3":0,"4":0,"5":0,"6":0,"7":0,"8":0,"9":0,"10":0,"11":0,"12":0,"13":0,"14":0,"15":0,"16":0,"17":0,"18":0},"f":{"0":0,"1":0,"2":0,"3":0,"4":0,"5":0,"6":0,"7":0,"8":0},"b":{}}
,"/home/jireh/projects/stratpoint/CashDaddy/user-service/src/validators/kyc.validator.ts": {"path":"/home/jireh/projects/stratpoint/CashDaddy/user-service/src/validators/kyc.validator.ts","statementMap":{"0":{"start":{"line":1,"column":0},"end":{"line":1,"column":24}},"1":{"start":{"line":2,"column":0},"end":{"line":2,"column":78}},"2":{"start":{"line":4,"column":13},"end":{"line":23,"column":3}},"3":{"start":{"line":6,"column":21},"end":{"line":6,"column":51}},"4":{"start":{"line":12,"column":6},"end":{"line":12,"column":59}},"5":{"start":{"line":17,"column":21},"end":{"line":17,"column":62}},"6":{"start":{"line":22,"column":21},"end":{"line":22,"column":50}},"7":{"start":{"line":25,"column":13},"end":{"line":30,"column":3}}},"fnMap":{"0":{"name":"(anonymous_0)","decl":{"start":{"line":6,"column":14},"end":{"line":6,"column":17}},"loc":{"start":{"line":6,"column":21},"end":{"line":6,"column":51}}},"1":{"name":"(anonymous_1)","decl":{"start":{"line":10,"column":4},"end":{"line":10,"column":5}},"loc":{"start":{"line":10,"column":12},"end":{"line":13,"column":5}}},"2":{"name":"(anonymous_2)","decl":{"start":{"line":17,"column":14},"end":{"line":17,"column":17}},"loc":{"start":{"line":17,"column":21},"end":{"line":17,"column":62}}},"3":{"name":"(anonymous_3)","decl":{"start":{"line":22,"column":12},"end":{"line":22,"column":13}},"loc":{"start":{"line":22,"column":21},"end":{"line":22,"column":50}}}},"branchMap":{"0":{"loc":{"start":{"line":12,"column":13},"end":{"line":12,"column":58}},"type":"cond-expr","locations":[{"start":{"line":12,"column":39},"end":{"line":12,"column":52}},{"start":{"line":12,"column":55},"end":{"line":12,"column":58}}]}},"s":{"0":0,"1":0,"2":0,"3":0,"4":0,"5":0,"6":0,"7":0},"f":{"0":0,"1":0,"2":0,"3":0},"b":{"0":[0,0]}}
,"/home/jireh/projects/stratpoint/CashDaddy/user-service/src/validators/user-profile.validators.ts": {"path":"/home/jireh/projects/stratpoint/CashDaddy/user-service/src/validators/user-profile.validators.ts","statementMap":{"0":{"start":{"line":1,"column":0},"end":{"line":1,"column":24}},"1":{"start":{"line":3,"column":28},"end":{"line":23,"column":2}},"2":{"start":{"line":6,"column":6},"end":{"line":9,"column":7}},"3":{"start":{"line":7,"column":21},"end":{"line":7,"column":34}},"4":{"start":{"line":8,"column":8},"end":{"line":8,"column":56}},"5":{"start":{"line":10,"column":6},"end":{"line":10,"column":17}},"6":{"start":{"line":13,"column":23},"end":{"line":13,"column":72}},"7":{"start":{"line":56,"column":9},"end":{"line":56,"column":28}},"8":{"start":{"line":25,"column":28},"end":{"line":54,"column":4}},"9":{"start":{"line":29,"column":8},"end":{"line":32,"column":9}},"10":{"start":{"line":30,"column":23},"end":{"line":30,"column":36}},"11":{"start":{"line":31,"column":10},"end":{"line":31,"column":58}},"12":{"start":{"line":33,"column":8},"end":{"line":33,"column":19}},"13":{"start":{"line":37,"column":27},"end":{"line":37,"column":76}},"14":{"start":{"line":52,"column":20},"end":{"line":52,"column":48}},"15":{"start":{"line":56,"column":30},"end":{"line":56,"column":49}}},"fnMap":{"0":{"name":"(anonymous_0)","decl":{"start":{"line":5,"column":4},"end":{"line":5,"column":5}},"loc":{"start":{"line":5,"column":12},"end":{"line":11,"column":5}}},"1":{"name":"(anonymous_1)","decl":{"start":{"line":13,"column":16},"end":{"line":13,"column":19}},"loc":{"start":{"line":13,"column":23},"end":{"line":13,"column":72}}},"2":{"name":"(anonymous_2)","decl":{"start":{"line":28,"column":6},"end":{"line":28,"column":7}},"loc":{"start":{"line":28,"column":14},"end":{"line":34,"column":7}}},"3":{"name":"(anonymous_3)","decl":{"start":{"line":37,"column":20},"end":{"line":37,"column":23}},"loc":{"start":{"line":37,"column":27},"end":{"line":37,"column":76}}},"4":{"name":"(anonymous_4)","decl":{"start":{"line":52,"column":10},"end":{"line":52,"column":11}},"loc":{"start":{"line":52,"column":20},"end":{"line":52,"column":48}}}},"branchMap":{"0":{"loc":{"start":{"line":6,"column":6},"end":{"line":9,"column":7}},"type":"if","locations":[{"start":{"line":6,"column":6},"end":{"line":9,"column":7}}]},"1":{"loc":{"start":{"line":8,"column":15},"end":{"line":8,"column":55}},"type":"cond-expr","locations":[{"start":{"line":8,"column":39},"end":{"line":8,"column":48}},{"start":{"line":8,"column":51},"end":{"line":8,"column":55}}]},"2":{"loc":{"start":{"line":29,"column":8},"end":{"line":32,"column":9}},"type":"if","locations":[{"start":{"line":29,"column":8},"end":{"line":32,"column":9}}]},"3":{"loc":{"start":{"line":31,"column":17},"end":{"line":31,"column":57}},"type":"cond-expr","locations":[{"start":{"line":31,"column":41},"end":{"line":31,"column":50}},{"start":{"line":31,"column":53},"end":{"line":31,"column":57}}]}},"s":{"0":0,"1":0,"2":0,"3":0,"4":0,"5":0,"6":0,"7":0,"8":0,"9":0,"10":0,"11":0,"12":0,"13":0,"14":0,"15":0},"f":{"0":0,"1":0,"2":0,"3":0,"4":0},"b":{"0":[0],"1":[0,0],"2":[0],"3":[0,0]}}
,"/home/jireh/projects/stratpoint/CashDaddy/user-service/src/validators/user.validators.ts": {"path":"/home/jireh/projects/stratpoint/CashDaddy/user-service/src/validators/user.validators.ts","statementMap":{"0":{"start":{"line":1,"column":0},"end":{"line":1,"column":24}},"1":{"start":{"line":3,"column":23},"end":{"line":8,"column":2}},"2":{"start":{"line":45,"column":9},"end":{"line":45,"column":23}},"3":{"start":{"line":10,"column":20},"end":{"line":13,"column":2}},"4":{"start":{"line":45,"column":25},"end":{"line":45,"column":36}},"5":{"start":{"line":15,"column":25},"end":{"line":31,"column":4}},"6":{"start":{"line":29,"column":20},"end":{"line":29,"column":48}},"7":{"start":{"line":45,"column":38},"end":{"line":45,"column":54}},"8":{"start":{"line":33,"column":29},"end":{"line":37,"column":2}},"9":{"start":{"line":35,"column":21},"end":{"line":35,"column":78}},"10":{"start":{"line":45,"column":56},"end":{"line":45,"column":76}},"11":{"start":{"line":39,"column":29},"end":{"line":43,"column":2}},"12":{"start":{"line":41,"column":21},"end":{"line":41,"column":78}},"13":{"start":{"line":45,"column":78},"end":{"line":45,"column":98}}},"fnMap":{"0":{"name":"(anonymous_0)","decl":{"start":{"line":29,"column":10},"end":{"line":29,"column":11}},"loc":{"start":{"line":29,"column":20},"end":{"line":29,"column":48}}},"1":{"name":"(anonymous_1)","decl":{"start":{"line":35,"column":14},"end":{"line":35,"column":17}},"loc":{"start":{"line":35,"column":21},"end":{"line":35,"column":78}}},"2":{"name":"(anonymous_2)","decl":{"start":{"line":41,"column":14},"end":{"line":41,"column":17}},"loc":{"start":{"line":41,"column":21},"end":{"line":41,"column":78}}}},"branchMap":{},"s":{"0":0,"1":0,"2":0,"3":0,"4":0,"5":0,"6":0,"7":0,"8":0,"9":0,"10":0,"11":0,"12":0,"13":0},"f":{"0":0,"1":0,"2":0},"b":{}}
}
